2024-10-17 10:43:11 [http-nio-8082-exec-7] INFO  i.a.A.controller.ArtistController - Artist created: class Artist {
    id: 1
    type: solo
    name: string
    surname: string
    stageName: string
    birthYear: 0
    biography: string
    genre: pop
    nationality: string
}
2024-10-17 10:43:11 [http-nio-8082-exec-8] INFO  i.a.A.controller.ArtistController - Artist created: class Artist {
    id: 2
    type: solo
    name: string
    surname: string
    stageName: string
    birthYear: 0
    biography: string
    genre: pop
    nationality: string
}
2024-10-17 10:43:11 [http-nio-8082-exec-9] INFO  i.a.A.controller.ArtistController - Artist created: class Artist {
    id: 3
    type: solo
    name: string
    surname: string
    stageName: string
    birthYear: 0
    biography: string
    genre: pop
    nationality: string
}
2024-10-17 10:43:12 [http-nio-8082-exec-10] INFO  i.a.A.controller.ArtistController - Artist created: class Artist {
    id: 4
    type: solo
    name: string
    surname: string
    stageName: string
    birthYear: 0
    biography: string
    genre: pop
    nationality: string
}
