17-10-2024 10:51:22 [http-nio-8082-exec-9] INFO  i.a.A.controller.ArtistController - Artist created: class Artist {
    id: 1
    type: solo
    name: string
    surname: string
    stageName: string
    birthYear: 0
    biography: string
    genre: pop
    nationality: string
}
17-10-2024 10:51:22 [http-nio-8082-exec-10] INFO  i.a.A.controller.ArtistController - Artist created: class Artist {
    id: 2
    type: solo
    name: string
    surname: string
    stageName: string
    birthYear: 0
    biography: string
    genre: pop
    nationality: string
}
17-10-2024 10:51:22 [http-nio-8082-exec-1] INFO  i.a.A.controller.ArtistController - Artist created: class Artist {
    id: 3
    type: solo
    name: string
    surname: string
    stageName: string
    birthYear: 0
    biography: string
    genre: pop
    nationality: string
}
17-10-2024 10:51:22 [http-nio-8082-exec-2] INFO  i.a.A.controller.ArtistController - Artist created: class Artist {
    id: 4
    type: solo
    name: string
    surname: string
    stageName: string
    birthYear: 0
    biography: string
    genre: pop
    nationality: string
}
