2024-10-11T10:38:21.925+02:00  INFO 13696 --- [Artist] [main] i.a.Artist.ArtistApplicationTests        : Starting ArtistApplicationTests using Java 17.0.12 with PID 13696 (started by Studente in C:\Users\Studente\EserciziJava\JavaSpringExercises\Artist)
2024-10-11T10:38:21.928+02:00  INFO 13696 --- [Artist] [main] i.a.Artist.ArtistApplicationTests        : No active profile set, falling back to 1 default profile: "default"
2024-10-11T10:38:23.018+02:00  INFO 13696 --- [Artist] [main] .s.d.r.c.RepositoryConfigurationDelegate : Bootstrapping Spring Data JPA repositories in DEFAULT mode.
2024-10-11T10:38:23.112+02:00  INFO 13696 --- [Artist] [main] .s.d.r.c.RepositoryConfigurationDelegate : Finished Spring Data repository scanning in 75 ms. Found 1 JPA repository interface.
2024-10-11T10:38:23.685+02:00  INFO 13696 --- [Artist] [main] o.hibernate.jpa.internal.util.LogHelper  : HHH000204: Processing PersistenceUnitInfo [name: default]
2024-10-11T10:38:23.794+02:00  INFO 13696 --- [Artist] [main] org.hibernate.Version                    : HHH000412: Hibernate ORM core version 6.5.3.Final
2024-10-11T10:38:23.845+02:00  INFO 13696 --- [Artist] [main] o.h.c.internal.RegionFactoryInitiator    : HHH000026: Second-level cache disabled
2024-10-11T10:38:24.314+02:00  INFO 13696 --- [Artist] [main] o.s.o.j.p.SpringPersistenceUnitInfo      : No LoadTimeWeaver setup: ignoring JPA class transformer
2024-10-11T10:38:24.358+02:00  INFO 13696 --- [Artist] [main] com.zaxxer.hikari.HikariDataSource       : HikariPool-1 - Starting...
2024-10-11T10:38:24.579+02:00  INFO 13696 --- [Artist] [main] com.zaxxer.hikari.pool.HikariPool        : HikariPool-1 - Added connection conn0: url=jdbc:h2:mem:artistdb user=SA
2024-10-11T10:38:24.581+02:00  INFO 13696 --- [Artist] [main] com.zaxxer.hikari.HikariDataSource       : HikariPool-1 - Start completed.
2024-10-11T10:38:24.620+02:00  WARN 13696 --- [Artist] [main] org.hibernate.orm.deprecation            : HHH90000025: H2Dialect does not need to be specified explicitly using 'hibernate.dialect' (remove the property setting and it will be selected by default)
2024-10-11T10:38:25.659+02:00  INFO 13696 --- [Artist] [main] o.h.e.t.j.p.i.JtaPlatformInitiator       : HHH000489: No JTA platform available (set 'hibernate.transaction.jta.platform' to enable JTA platform integration)
2024-10-11T10:38:25.703+02:00  INFO 13696 --- [Artist] [main] j.LocalContainerEntityManagerFactoryBean : Initialized JPA EntityManagerFactory for persistence unit 'default'
2024-10-11T10:38:26.871+02:00  INFO 13696 --- [Artist] [main] o.s.b.a.h2.H2ConsoleAutoConfiguration    : H2 console available at '/h2-console'. Database available at 'jdbc:h2:mem:artistdb'
2024-10-11T10:38:26.937+02:00  INFO 13696 --- [Artist] [main] i.a.Artist.ArtistApplicationTests        : Started ArtistApplicationTests in 5.413 seconds (process running for 6.561)
2024-10-11T10:38:27.579+02:00  INFO 13696 --- [Artist] [SpringApplicationShutdownHook] j.LocalContainerEntityManagerFactoryBean : Closing JPA EntityManagerFactory for persistence unit 'default'
2024-10-11T10:38:27.583+02:00  INFO 13696 --- [Artist] [SpringApplicationShutdownHook] com.zaxxer.hikari.HikariDataSource       : HikariPool-1 - Shutdown initiated...
2024-10-11T10:38:27.590+02:00  INFO 13696 --- [Artist] [SpringApplicationShutdownHook] com.zaxxer.hikari.HikariDataSource       : HikariPool-1 - Shutdown completed.
2024-10-11T10:38:39.647+02:00  INFO 14692 --- [Artist] [main] i.a.Artist.ArtistApplication             : Starting ArtistApplication using Java 17.0.12 with PID 14692 (C:\Users\Studente\EserciziJava\JavaSpringExercises\Artist\target\classes started by Studente in C:\Users\Studente\EserciziJava\JavaSpringExercises\Artist)
2024-10-11T10:38:39.650+02:00  INFO 14692 --- [Artist] [main] i.a.Artist.ArtistApplication             : No active profile set, falling back to 1 default profile: "default"
2024-10-11T10:38:40.410+02:00  INFO 14692 --- [Artist] [main] .s.d.r.c.RepositoryConfigurationDelegate : Bootstrapping Spring Data JPA repositories in DEFAULT mode.
2024-10-11T10:38:40.470+02:00  INFO 14692 --- [Artist] [main] .s.d.r.c.RepositoryConfigurationDelegate : Finished Spring Data repository scanning in 51 ms. Found 1 JPA repository interface.
2024-10-11T10:38:40.996+02:00  INFO 14692 --- [Artist] [main] o.s.b.w.embedded.tomcat.TomcatWebServer  : Tomcat initialized with port 8080 (http)
2024-10-11T10:38:41.011+02:00  INFO 14692 --- [Artist] [main] o.apache.catalina.core.StandardService   : Starting service [Tomcat]
2024-10-11T10:38:41.011+02:00  INFO 14692 --- [Artist] [main] o.apache.catalina.core.StandardEngine    : Starting Servlet engine: [Apache Tomcat/10.1.30]
2024-10-11T10:38:41.086+02:00  INFO 14692 --- [Artist] [main] o.a.c.c.C.[Tomcat].[localhost].[/]       : Initializing Spring embedded WebApplicationContext
2024-10-11T10:38:41.087+02:00  INFO 14692 --- [Artist] [main] w.s.c.ServletWebServerApplicationContext : Root WebApplicationContext: initialization completed in 1375 ms
2024-10-11T10:38:41.122+02:00  INFO 14692 --- [Artist] [main] com.zaxxer.hikari.HikariDataSource       : HikariPool-1 - Starting...
2024-10-11T10:38:41.292+02:00  INFO 14692 --- [Artist] [main] com.zaxxer.hikari.pool.HikariPool        : HikariPool-1 - Added connection conn0: url=jdbc:h2:mem:artistdb user=SA
2024-10-11T10:38:41.294+02:00  INFO 14692 --- [Artist] [main] com.zaxxer.hikari.HikariDataSource       : HikariPool-1 - Start completed.
2024-10-11T10:38:41.304+02:00  INFO 14692 --- [Artist] [main] o.s.b.a.h2.H2ConsoleAutoConfiguration    : H2 console available at '/h2-console'. Database available at 'jdbc:h2:mem:artistdb'
2024-10-11T10:38:41.419+02:00  INFO 14692 --- [Artist] [main] o.hibernate.jpa.internal.util.LogHelper  : HHH000204: Processing PersistenceUnitInfo [name: default]
2024-10-11T10:38:41.479+02:00  INFO 14692 --- [Artist] [main] org.hibernate.Version                    : HHH000412: Hibernate ORM core version 6.5.3.Final
2024-10-11T10:38:41.514+02:00  INFO 14692 --- [Artist] [main] o.h.c.internal.RegionFactoryInitiator    : HHH000026: Second-level cache disabled
2024-10-11T10:38:41.828+02:00  INFO 14692 --- [Artist] [main] o.s.o.j.p.SpringPersistenceUnitInfo      : No LoadTimeWeaver setup: ignoring JPA class transformer
2024-10-11T10:38:41.876+02:00  WARN 14692 --- [Artist] [main] org.hibernate.orm.deprecation            : HHH90000025: H2Dialect does not need to be specified explicitly using 'hibernate.dialect' (remove the property setting and it will be selected by default)
2024-10-11T10:38:42.679+02:00  INFO 14692 --- [Artist] [main] o.h.e.t.j.p.i.JtaPlatformInitiator       : HHH000489: No JTA platform available (set 'hibernate.transaction.jta.platform' to enable JTA platform integration)
2024-10-11T10:38:42.719+02:00  INFO 14692 --- [Artist] [main] j.LocalContainerEntityManagerFactoryBean : Initialized JPA EntityManagerFactory for persistence unit 'default'
2024-10-11T10:38:43.427+02:00  WARN 14692 --- [Artist] [main] ConfigServletWebServerApplicationContext : Exception encountered during context initialization - cancelling refresh attempt: org.springframework.context.ApplicationContextException: Failed to start bean 'webServerStartStop'
2024-10-11T10:38:43.428+02:00  INFO 14692 --- [Artist] [main] j.LocalContainerEntityManagerFactoryBean : Closing JPA EntityManagerFactory for persistence unit 'default'
2024-10-11T10:38:43.430+02:00  INFO 14692 --- [Artist] [main] com.zaxxer.hikari.HikariDataSource       : HikariPool-1 - Shutdown initiated...
2024-10-11T10:38:43.432+02:00  INFO 14692 --- [Artist] [main] com.zaxxer.hikari.HikariDataSource       : HikariPool-1 - Shutdown completed.
2024-10-11T10:38:43.445+02:00  INFO 14692 --- [Artist] [main] .s.b.a.l.ConditionEvaluationReportLogger : 

Error starting ApplicationContext. To display the condition evaluation report re-run your application with 'debug' enabled.
2024-10-11T10:38:43.462+02:00 ERROR 14692 --- [Artist] [main] o.s.b.d.LoggingFailureAnalysisReporter   : 

***************************
APPLICATION FAILED TO START
***************************

Description:

Web server failed to start. Port 8080 was already in use.

Action:

Identify and stop the process that's listening on port 8080 or configure this application to listen on another port.

2024-10-11T10:39:15.526+02:00  INFO 1104 --- [Artist] [main] i.a.Artist.ArtistApplication             : Starting ArtistApplication using Java 17.0.12 with PID 1104 (C:\Users\Studente\EserciziJava\JavaSpringExercises\Artist\target\classes started by Studente in C:\Users\Studente\EserciziJava\JavaSpringExercises\Artist)
2024-10-11T10:39:15.529+02:00  INFO 1104 --- [Artist] [main] i.a.Artist.ArtistApplication             : No active profile set, falling back to 1 default profile: "default"
2024-10-11T10:39:16.258+02:00  INFO 1104 --- [Artist] [main] .s.d.r.c.RepositoryConfigurationDelegate : Bootstrapping Spring Data JPA repositories in DEFAULT mode.
2024-10-11T10:39:16.313+02:00  INFO 1104 --- [Artist] [main] .s.d.r.c.RepositoryConfigurationDelegate : Finished Spring Data repository scanning in 46 ms. Found 1 JPA repository interface.
2024-10-11T10:39:16.813+02:00  INFO 1104 --- [Artist] [main] o.s.b.w.embedded.tomcat.TomcatWebServer  : Tomcat initialized with port 8080 (http)
2024-10-11T10:39:16.827+02:00  INFO 1104 --- [Artist] [main] o.apache.catalina.core.StandardService   : Starting service [Tomcat]
2024-10-11T10:39:16.828+02:00  INFO 1104 --- [Artist] [main] o.apache.catalina.core.StandardEngine    : Starting Servlet engine: [Apache Tomcat/10.1.30]
2024-10-11T10:39:16.904+02:00  INFO 1104 --- [Artist] [main] o.a.c.c.C.[Tomcat].[localhost].[/]       : Initializing Spring embedded WebApplicationContext
2024-10-11T10:39:16.905+02:00  INFO 1104 --- [Artist] [main] w.s.c.ServletWebServerApplicationContext : Root WebApplicationContext: initialization completed in 1321 ms
2024-10-11T10:39:16.934+02:00  INFO 1104 --- [Artist] [main] com.zaxxer.hikari.HikariDataSource       : HikariPool-1 - Starting...
2024-10-11T10:39:17.100+02:00  INFO 1104 --- [Artist] [main] com.zaxxer.hikari.pool.HikariPool        : HikariPool-1 - Added connection conn0: url=jdbc:h2:mem:artistdb user=SA
2024-10-11T10:39:17.102+02:00  INFO 1104 --- [Artist] [main] com.zaxxer.hikari.HikariDataSource       : HikariPool-1 - Start completed.
2024-10-11T10:39:17.112+02:00  INFO 1104 --- [Artist] [main] o.s.b.a.h2.H2ConsoleAutoConfiguration    : H2 console available at '/h2-console'. Database available at 'jdbc:h2:mem:artistdb'
2024-10-11T10:39:17.228+02:00  INFO 1104 --- [Artist] [main] o.hibernate.jpa.internal.util.LogHelper  : HHH000204: Processing PersistenceUnitInfo [name: default]
2024-10-11T10:39:17.286+02:00  INFO 1104 --- [Artist] [main] org.hibernate.Version                    : HHH000412: Hibernate ORM core version 6.5.3.Final
2024-10-11T10:39:17.322+02:00  INFO 1104 --- [Artist] [main] o.h.c.internal.RegionFactoryInitiator    : HHH000026: Second-level cache disabled
2024-10-11T10:39:17.631+02:00  INFO 1104 --- [Artist] [main] o.s.o.j.p.SpringPersistenceUnitInfo      : No LoadTimeWeaver setup: ignoring JPA class transformer
2024-10-11T10:39:17.680+02:00  WARN 1104 --- [Artist] [main] org.hibernate.orm.deprecation            : HHH90000025: H2Dialect does not need to be specified explicitly using 'hibernate.dialect' (remove the property setting and it will be selected by default)
2024-10-11T10:39:18.484+02:00  INFO 1104 --- [Artist] [main] o.h.e.t.j.p.i.JtaPlatformInitiator       : HHH000489: No JTA platform available (set 'hibernate.transaction.jta.platform' to enable JTA platform integration)
2024-10-11T10:39:18.526+02:00  INFO 1104 --- [Artist] [main] j.LocalContainerEntityManagerFactoryBean : Initialized JPA EntityManagerFactory for persistence unit 'default'
2024-10-11T10:39:19.250+02:00  INFO 1104 --- [Artist] [main] o.s.b.w.embedded.tomcat.TomcatWebServer  : Tomcat started on port 8080 (http) with context path '/'
2024-10-11T10:39:19.259+02:00  INFO 1104 --- [Artist] [main] i.a.Artist.ArtistApplication             : Started ArtistApplication in 4.17 seconds (process running for 4.524)
2024-10-11T10:39:24.920+02:00  INFO 1104 --- [Artist] [http-nio-8080-exec-1] o.a.c.c.C.[Tomcat].[localhost].[/]       : Initializing Spring DispatcherServlet 'dispatcherServlet'
2024-10-11T10:39:24.920+02:00  INFO 1104 --- [Artist] [http-nio-8080-exec-1] o.s.web.servlet.DispatcherServlet        : Initializing Servlet 'dispatcherServlet'
2024-10-11T10:39:24.922+02:00  INFO 1104 --- [Artist] [http-nio-8080-exec-1] o.s.web.servlet.DispatcherServlet        : Completed initialization in 1 ms
2024-10-11T10:39:25.243+02:00  INFO 1104 --- [Artist] [http-nio-8080-exec-4] o.springdoc.api.AbstractOpenApiResource  : Init duration for springdoc-openapi is: 146 ms
2024-10-11T10:39:52.871+02:00  INFO 1104 --- [Artist] [SpringApplicationShutdownHook] j.LocalContainerEntityManagerFactoryBean : Closing JPA EntityManagerFactory for persistence unit 'default'
2024-10-11T10:39:52.879+02:00  INFO 1104 --- [Artist] [SpringApplicationShutdownHook] com.zaxxer.hikari.HikariDataSource       : HikariPool-1 - Shutdown initiated...
2024-10-11T10:39:52.880+02:00  INFO 1104 --- [Artist] [SpringApplicationShutdownHook] com.zaxxer.hikari.HikariDataSource       : HikariPool-1 - Shutdown completed.
2024-10-11T10:45:39.500+02:00  INFO 8004 --- [Artist] [main] i.a.Artist.ArtistApplicationTests        : Starting ArtistApplicationTests using Java 17.0.12 with PID 8004 (started by Studente in C:\Users\Studente\EserciziJava\JavaSpringExercises\Artist)
2024-10-11T10:45:39.502+02:00  INFO 8004 --- [Artist] [main] i.a.Artist.ArtistApplicationTests        : No active profile set, falling back to 1 default profile: "default"
2024-10-11T10:45:40.533+02:00  INFO 8004 --- [Artist] [main] .s.d.r.c.RepositoryConfigurationDelegate : Bootstrapping Spring Data JPA repositories in DEFAULT mode.
2024-10-11T10:45:40.611+02:00  INFO 8004 --- [Artist] [main] .s.d.r.c.RepositoryConfigurationDelegate : Finished Spring Data repository scanning in 66 ms. Found 1 JPA repository interface.
2024-10-11T10:45:41.132+02:00  INFO 8004 --- [Artist] [main] o.hibernate.jpa.internal.util.LogHelper  : HHH000204: Processing PersistenceUnitInfo [name: default]
2024-10-11T10:45:41.202+02:00  INFO 8004 --- [Artist] [main] org.hibernate.Version                    : HHH000412: Hibernate ORM core version 6.5.3.Final
2024-10-11T10:45:41.243+02:00  INFO 8004 --- [Artist] [main] o.h.c.internal.RegionFactoryInitiator    : HHH000026: Second-level cache disabled
2024-10-11T10:45:41.707+02:00  INFO 8004 --- [Artist] [main] o.s.o.j.p.SpringPersistenceUnitInfo      : No LoadTimeWeaver setup: ignoring JPA class transformer
2024-10-11T10:45:41.752+02:00  INFO 8004 --- [Artist] [main] com.zaxxer.hikari.HikariDataSource       : HikariPool-1 - Starting...
2024-10-11T10:45:41.975+02:00  INFO 8004 --- [Artist] [main] com.zaxxer.hikari.pool.HikariPool        : HikariPool-1 - Added connection conn0: url=jdbc:h2:mem:artistdb user=SA
2024-10-11T10:45:41.977+02:00  INFO 8004 --- [Artist] [main] com.zaxxer.hikari.HikariDataSource       : HikariPool-1 - Start completed.
2024-10-11T10:45:42.011+02:00  WARN 8004 --- [Artist] [main] org.hibernate.orm.deprecation            : HHH90000025: H2Dialect does not need to be specified explicitly using 'hibernate.dialect' (remove the property setting and it will be selected by default)
2024-10-11T10:45:42.915+02:00  INFO 8004 --- [Artist] [main] o.h.e.t.j.p.i.JtaPlatformInitiator       : HHH000489: No JTA platform available (set 'hibernate.transaction.jta.platform' to enable JTA platform integration)
2024-10-11T10:45:42.957+02:00  INFO 8004 --- [Artist] [main] j.LocalContainerEntityManagerFactoryBean : Initialized JPA EntityManagerFactory for persistence unit 'default'
2024-10-11T10:45:44.090+02:00  INFO 8004 --- [Artist] [main] o.s.b.a.h2.H2ConsoleAutoConfiguration    : H2 console available at '/h2-console'. Database available at 'jdbc:h2:mem:artistdb'
2024-10-11T10:45:44.170+02:00  INFO 8004 --- [Artist] [main] i.a.Artist.ArtistApplicationTests        : Started ArtistApplicationTests in 5.016 seconds (process running for 6.092)
2024-10-11T10:45:44.890+02:00  INFO 8004 --- [Artist] [SpringApplicationShutdownHook] j.LocalContainerEntityManagerFactoryBean : Closing JPA EntityManagerFactory for persistence unit 'default'
2024-10-11T10:45:44.902+02:00  INFO 8004 --- [Artist] [SpringApplicationShutdownHook] com.zaxxer.hikari.HikariDataSource       : HikariPool-1 - Shutdown initiated...
2024-10-11T10:45:44.916+02:00  INFO 8004 --- [Artist] [SpringApplicationShutdownHook] com.zaxxer.hikari.HikariDataSource       : HikariPool-1 - Shutdown completed.
2024-10-11T10:55:29.168+02:00  INFO 14932 --- [Artist] [main] i.a.Artist.ArtistApplicationTests        : Starting ArtistApplicationTests using Java 17.0.12 with PID 14932 (started by Studente in C:\Users\Studente\EserciziJava\JavaSpringExercises\Artist)
2024-10-11T10:55:29.170+02:00  INFO 14932 --- [Artist] [main] i.a.Artist.ArtistApplicationTests        : No active profile set, falling back to 1 default profile: "default"
2024-10-11T10:55:30.242+02:00  INFO 14932 --- [Artist] [main] .s.d.r.c.RepositoryConfigurationDelegate : Bootstrapping Spring Data JPA repositories in DEFAULT mode.
2024-10-11T10:55:30.359+02:00  INFO 14932 --- [Artist] [main] .s.d.r.c.RepositoryConfigurationDelegate : Finished Spring Data repository scanning in 96 ms. Found 1 JPA repository interface.
2024-10-11T10:55:30.879+02:00  INFO 14932 --- [Artist] [main] o.hibernate.jpa.internal.util.LogHelper  : HHH000204: Processing PersistenceUnitInfo [name: default]
2024-10-11T10:55:30.997+02:00  INFO 14932 --- [Artist] [main] org.hibernate.Version                    : HHH000412: Hibernate ORM core version 6.5.3.Final
2024-10-11T10:55:31.051+02:00  INFO 14932 --- [Artist] [main] o.h.c.internal.RegionFactoryInitiator    : HHH000026: Second-level cache disabled
2024-10-11T10:55:31.501+02:00  INFO 14932 --- [Artist] [main] o.s.o.j.p.SpringPersistenceUnitInfo      : No LoadTimeWeaver setup: ignoring JPA class transformer
2024-10-11T10:55:31.552+02:00  INFO 14932 --- [Artist] [main] com.zaxxer.hikari.HikariDataSource       : HikariPool-1 - Starting...
2024-10-11T10:55:31.766+02:00  INFO 14932 --- [Artist] [main] com.zaxxer.hikari.pool.HikariPool        : HikariPool-1 - Added connection conn0: url=jdbc:h2:mem:artistdb user=SA
2024-10-11T10:55:31.768+02:00  INFO 14932 --- [Artist] [main] com.zaxxer.hikari.HikariDataSource       : HikariPool-1 - Start completed.
2024-10-11T10:55:31.793+02:00  WARN 14932 --- [Artist] [main] org.hibernate.orm.deprecation            : HHH90000025: H2Dialect does not need to be specified explicitly using 'hibernate.dialect' (remove the property setting and it will be selected by default)
2024-10-11T10:55:32.732+02:00  INFO 14932 --- [Artist] [main] o.h.e.t.j.p.i.JtaPlatformInitiator       : HHH000489: No JTA platform available (set 'hibernate.transaction.jta.platform' to enable JTA platform integration)
2024-10-11T10:55:32.779+02:00  INFO 14932 --- [Artist] [main] j.LocalContainerEntityManagerFactoryBean : Initialized JPA EntityManagerFactory for persistence unit 'default'
2024-10-11T10:55:33.983+02:00  INFO 14932 --- [Artist] [main] o.s.b.a.h2.H2ConsoleAutoConfiguration    : H2 console available at '/h2-console'. Database available at 'jdbc:h2:mem:artistdb'
2024-10-11T10:55:34.047+02:00  INFO 14932 --- [Artist] [main] i.a.Artist.ArtistApplicationTests        : Started ArtistApplicationTests in 5.265 seconds (process running for 6.382)
2024-10-11T10:55:34.590+02:00  INFO 14932 --- [Artist] [SpringApplicationShutdownHook] j.LocalContainerEntityManagerFactoryBean : Closing JPA EntityManagerFactory for persistence unit 'default'
2024-10-11T10:55:34.592+02:00  INFO 14932 --- [Artist] [SpringApplicationShutdownHook] com.zaxxer.hikari.HikariDataSource       : HikariPool-1 - Shutdown initiated...
2024-10-11T10:55:34.596+02:00  INFO 14932 --- [Artist] [SpringApplicationShutdownHook] com.zaxxer.hikari.HikariDataSource       : HikariPool-1 - Shutdown completed.
2024-10-11T10:55:52.340+02:00  INFO 11692 --- [Artist] [main] i.a.Artist.ArtistApplication             : Starting ArtistApplication using Java 17.0.12 with PID 11692 (C:\Users\Studente\EserciziJava\JavaSpringExercises\Artist\target\classes started by Studente in C:\Users\Studente\EserciziJava\JavaSpringExercises\Artist)
2024-10-11T10:55:52.343+02:00  INFO 11692 --- [Artist] [main] i.a.Artist.ArtistApplication             : No active profile set, falling back to 1 default profile: "default"
2024-10-11T10:55:53.129+02:00  INFO 11692 --- [Artist] [main] .s.d.r.c.RepositoryConfigurationDelegate : Bootstrapping Spring Data JPA repositories in DEFAULT mode.
2024-10-11T10:55:53.211+02:00  INFO 11692 --- [Artist] [main] .s.d.r.c.RepositoryConfigurationDelegate : Finished Spring Data repository scanning in 68 ms. Found 1 JPA repository interface.
2024-10-11T10:55:53.811+02:00  INFO 11692 --- [Artist] [main] o.s.b.w.embedded.tomcat.TomcatWebServer  : Tomcat initialized with port 8080 (http)
2024-10-11T10:55:53.832+02:00  INFO 11692 --- [Artist] [main] o.apache.catalina.core.StandardService   : Starting service [Tomcat]
2024-10-11T10:55:53.832+02:00  INFO 11692 --- [Artist] [main] o.apache.catalina.core.StandardEngine    : Starting Servlet engine: [Apache Tomcat/10.1.30]
2024-10-11T10:55:53.910+02:00  INFO 11692 --- [Artist] [main] o.a.c.c.C.[Tomcat].[localhost].[/]       : Initializing Spring embedded WebApplicationContext
2024-10-11T10:55:53.910+02:00  INFO 11692 --- [Artist] [main] w.s.c.ServletWebServerApplicationContext : Root WebApplicationContext: initialization completed in 1511 ms
2024-10-11T10:55:54.083+02:00  INFO 11692 --- [Artist] [main] com.zaxxer.hikari.HikariDataSource       : HikariPool-1 - Starting...
2024-10-11T10:55:54.293+02:00  INFO 11692 --- [Artist] [main] com.zaxxer.hikari.pool.HikariPool        : HikariPool-1 - Added connection conn0: url=jdbc:h2:mem:artistdb user=SA
2024-10-11T10:55:54.296+02:00  INFO 11692 --- [Artist] [main] com.zaxxer.hikari.HikariDataSource       : HikariPool-1 - Start completed.
2024-10-11T10:55:54.305+02:00  INFO 11692 --- [Artist] [main] o.s.b.a.h2.H2ConsoleAutoConfiguration    : H2 console available at '/h2-console'. Database available at 'jdbc:h2:mem:artistdb'
2024-10-11T10:55:54.434+02:00  INFO 11692 --- [Artist] [main] o.hibernate.jpa.internal.util.LogHelper  : HHH000204: Processing PersistenceUnitInfo [name: default]
2024-10-11T10:55:54.498+02:00  INFO 11692 --- [Artist] [main] org.hibernate.Version                    : HHH000412: Hibernate ORM core version 6.5.3.Final
2024-10-11T10:55:54.541+02:00  INFO 11692 --- [Artist] [main] o.h.c.internal.RegionFactoryInitiator    : HHH000026: Second-level cache disabled
2024-10-11T10:55:54.866+02:00  INFO 11692 --- [Artist] [main] o.s.o.j.p.SpringPersistenceUnitInfo      : No LoadTimeWeaver setup: ignoring JPA class transformer
2024-10-11T10:55:54.918+02:00  WARN 11692 --- [Artist] [main] org.hibernate.orm.deprecation            : HHH90000025: H2Dialect does not need to be specified explicitly using 'hibernate.dialect' (remove the property setting and it will be selected by default)
2024-10-11T10:55:55.730+02:00  INFO 11692 --- [Artist] [main] o.h.e.t.j.p.i.JtaPlatformInitiator       : HHH000489: No JTA platform available (set 'hibernate.transaction.jta.platform' to enable JTA platform integration)
2024-10-11T10:55:55.777+02:00  INFO 11692 --- [Artist] [main] j.LocalContainerEntityManagerFactoryBean : Initialized JPA EntityManagerFactory for persistence unit 'default'
2024-10-11T10:55:56.575+02:00  INFO 11692 --- [Artist] [main] o.s.b.w.embedded.tomcat.TomcatWebServer  : Tomcat started on port 8080 (http) with context path '/'
2024-10-11T10:55:56.585+02:00  INFO 11692 --- [Artist] [main] i.a.Artist.ArtistApplication             : Started ArtistApplication in 4.69 seconds (process running for 5.044)
2024-10-11T10:55:59.401+02:00  INFO 11692 --- [Artist] [http-nio-8080-exec-1] o.a.c.c.C.[Tomcat].[localhost].[/]       : Initializing Spring DispatcherServlet 'dispatcherServlet'
2024-10-11T10:55:59.401+02:00  INFO 11692 --- [Artist] [http-nio-8080-exec-1] o.s.web.servlet.DispatcherServlet        : Initializing Servlet 'dispatcherServlet'
2024-10-11T10:55:59.402+02:00  INFO 11692 --- [Artist] [http-nio-8080-exec-1] o.s.web.servlet.DispatcherServlet        : Completed initialization in 0 ms
2024-10-11T10:55:59.867+02:00  INFO 11692 --- [Artist] [http-nio-8080-exec-3] o.springdoc.api.AbstractOpenApiResource  : Init duration for springdoc-openapi is: 297 ms
2024-10-11T10:56:53.369+02:00 ERROR 11692 --- [Artist] [http-nio-8080-exec-6] o.a.c.c.C.[.[.[/].[dispatcherServlet]    : Servlet.service() for servlet [dispatcherServlet] in context with path [] threw exception [Request processing failed: java.lang.IllegalArgumentException: No enum constant it.apuliadigital.Artist.entity.GenreEnum.pop] with root cause

java.lang.IllegalArgumentException: No enum constant it.apuliadigital.Artist.entity.GenreEnum.pop
	at java.base/java.lang.Enum.valueOf(Enum.java:273) ~[na:na]
	at it.apuliadigital.Artist.entity.GenreEnum.valueOf(GenreEnum.java:3) ~[classes/:na]
	at it.apuliadigital.Artist.service.impl.ArtistServiceImpl.createArtist(ArtistServiceImpl.java:47) ~[classes/:na]
	at it.apuliadigital.Artist.controller.ArtistController.createArtist(ArtistController.java:29) ~[classes/:na]
	at java.base/jdk.internal.reflect.NativeMethodAccessorImpl.invoke0(Native Method) ~[na:na]
	at java.base/jdk.internal.reflect.NativeMethodAccessorImpl.invoke(NativeMethodAccessorImpl.java:77) ~[na:na]
	at java.base/jdk.internal.reflect.DelegatingMethodAccessorImpl.invoke(DelegatingMethodAccessorImpl.java:43) ~[na:na]
	at java.base/java.lang.reflect.Method.invoke(Method.java:568) ~[na:na]
	at org.springframework.web.method.support.InvocableHandlerMethod.doInvoke(InvocableHandlerMethod.java:255) ~[spring-web-6.1.13.jar:6.1.13]
	at org.springframework.web.method.support.InvocableHandlerMethod.invokeForRequest(InvocableHandlerMethod.java:188) ~[spring-web-6.1.13.jar:6.1.13]
	at org.springframework.web.servlet.mvc.method.annotation.ServletInvocableHandlerMethod.invokeAndHandle(ServletInvocableHandlerMethod.java:118) ~[spring-webmvc-6.1.13.jar:6.1.13]
	at org.springframework.web.servlet.mvc.method.annotation.RequestMappingHandlerAdapter.invokeHandlerMethod(RequestMappingHandlerAdapter.java:926) ~[spring-webmvc-6.1.13.jar:6.1.13]
	at org.springframework.web.servlet.mvc.method.annotation.RequestMappingHandlerAdapter.handleInternal(RequestMappingHandlerAdapter.java:831) ~[spring-webmvc-6.1.13.jar:6.1.13]
	at org.springframework.web.servlet.mvc.method.AbstractHandlerMethodAdapter.handle(AbstractHandlerMethodAdapter.java:87) ~[spring-webmvc-6.1.13.jar:6.1.13]
	at org.springframework.web.servlet.DispatcherServlet.doDispatch(DispatcherServlet.java:1089) ~[spring-webmvc-6.1.13.jar:6.1.13]
	at org.springframework.web.servlet.DispatcherServlet.doService(DispatcherServlet.java:979) ~[spring-webmvc-6.1.13.jar:6.1.13]
	at org.springframework.web.servlet.FrameworkServlet.processRequest(FrameworkServlet.java:1014) ~[spring-webmvc-6.1.13.jar:6.1.13]
	at org.springframework.web.servlet.FrameworkServlet.doPost(FrameworkServlet.java:914) ~[spring-webmvc-6.1.13.jar:6.1.13]
	at jakarta.servlet.http.HttpServlet.service(HttpServlet.java:590) ~[tomcat-embed-core-10.1.30.jar:6.0]
	at org.springframework.web.servlet.FrameworkServlet.service(FrameworkServlet.java:885) ~[spring-webmvc-6.1.13.jar:6.1.13]
	at jakarta.servlet.http.HttpServlet.service(HttpServlet.java:658) ~[tomcat-embed-core-10.1.30.jar:6.0]
	at org.apache.catalina.core.ApplicationFilterChain.internalDoFilter(ApplicationFilterChain.java:195) ~[tomcat-embed-core-10.1.30.jar:10.1.30]
	at org.apache.catalina.core.ApplicationFilterChain.doFilter(ApplicationFilterChain.java:140) ~[tomcat-embed-core-10.1.30.jar:10.1.30]
	at org.apache.tomcat.websocket.server.WsFilter.doFilter(WsFilter.java:51) ~[tomcat-embed-websocket-10.1.30.jar:10.1.30]
	at org.apache.catalina.core.ApplicationFilterChain.internalDoFilter(ApplicationFilterChain.java:164) ~[tomcat-embed-core-10.1.30.jar:10.1.30]
	at org.apache.catalina.core.ApplicationFilterChain.doFilter(ApplicationFilterChain.java:140) ~[tomcat-embed-core-10.1.30.jar:10.1.30]
	at org.springframework.web.filter.RequestContextFilter.doFilterInternal(RequestContextFilter.java:100) ~[spring-web-6.1.13.jar:6.1.13]
	at org.springframework.web.filter.OncePerRequestFilter.doFilter(OncePerRequestFilter.java:116) ~[spring-web-6.1.13.jar:6.1.13]
	at org.apache.catalina.core.ApplicationFilterChain.internalDoFilter(ApplicationFilterChain.java:164) ~[tomcat-embed-core-10.1.30.jar:10.1.30]
	at org.apache.catalina.core.ApplicationFilterChain.doFilter(ApplicationFilterChain.java:140) ~[tomcat-embed-core-10.1.30.jar:10.1.30]
	at org.springframework.web.filter.FormContentFilter.doFilterInternal(FormContentFilter.java:93) ~[spring-web-6.1.13.jar:6.1.13]
	at org.springframework.web.filter.OncePerRequestFilter.doFilter(OncePerRequestFilter.java:116) ~[spring-web-6.1.13.jar:6.1.13]
	at org.apache.catalina.core.ApplicationFilterChain.internalDoFilter(ApplicationFilterChain.java:164) ~[tomcat-embed-core-10.1.30.jar:10.1.30]
	at org.apache.catalina.core.ApplicationFilterChain.doFilter(ApplicationFilterChain.java:140) ~[tomcat-embed-core-10.1.30.jar:10.1.30]
	at org.springframework.web.filter.CharacterEncodingFilter.doFilterInternal(CharacterEncodingFilter.java:201) ~[spring-web-6.1.13.jar:6.1.13]
	at org.springframework.web.filter.OncePerRequestFilter.doFilter(OncePerRequestFilter.java:116) ~[spring-web-6.1.13.jar:6.1.13]
	at org.apache.catalina.core.ApplicationFilterChain.internalDoFilter(ApplicationFilterChain.java:164) ~[tomcat-embed-core-10.1.30.jar:10.1.30]
	at org.apache.catalina.core.ApplicationFilterChain.doFilter(ApplicationFilterChain.java:140) ~[tomcat-embed-core-10.1.30.jar:10.1.30]
	at org.apache.catalina.core.StandardWrapperValve.invoke(StandardWrapperValve.java:167) ~[tomcat-embed-core-10.1.30.jar:10.1.30]
	at org.apache.catalina.core.StandardContextValve.invoke(StandardContextValve.java:90) ~[tomcat-embed-core-10.1.30.jar:10.1.30]
	at org.apache.catalina.authenticator.AuthenticatorBase.invoke(AuthenticatorBase.java:483) ~[tomcat-embed-core-10.1.30.jar:10.1.30]
	at org.apache.catalina.core.StandardHostValve.invoke(StandardHostValve.java:115) ~[tomcat-embed-core-10.1.30.jar:10.1.30]
	at org.apache.catalina.valves.ErrorReportValve.invoke(ErrorReportValve.java:93) ~[tomcat-embed-core-10.1.30.jar:10.1.30]
	at org.apache.catalina.core.StandardEngineValve.invoke(StandardEngineValve.java:74) ~[tomcat-embed-core-10.1.30.jar:10.1.30]
	at org.apache.catalina.connector.CoyoteAdapter.service(CoyoteAdapter.java:344) ~[tomcat-embed-core-10.1.30.jar:10.1.30]
	at org.apache.coyote.http11.Http11Processor.service(Http11Processor.java:384) ~[tomcat-embed-core-10.1.30.jar:10.1.30]
	at org.apache.coyote.AbstractProcessorLight.process(AbstractProcessorLight.java:63) ~[tomcat-embed-core-10.1.30.jar:10.1.30]
	at org.apache.coyote.AbstractProtocol$ConnectionHandler.process(AbstractProtocol.java:905) ~[tomcat-embed-core-10.1.30.jar:10.1.30]
	at org.apache.tomcat.util.net.NioEndpoint$SocketProcessor.doRun(NioEndpoint.java:1741) ~[tomcat-embed-core-10.1.30.jar:10.1.30]
	at org.apache.tomcat.util.net.SocketProcessorBase.run(SocketProcessorBase.java:52) ~[tomcat-embed-core-10.1.30.jar:10.1.30]
	at org.apache.tomcat.util.threads.ThreadPoolExecutor.runWorker(ThreadPoolExecutor.java:1190) ~[tomcat-embed-core-10.1.30.jar:10.1.30]
	at org.apache.tomcat.util.threads.ThreadPoolExecutor$Worker.run(ThreadPoolExecutor.java:659) ~[tomcat-embed-core-10.1.30.jar:10.1.30]
	at org.apache.tomcat.util.threads.TaskThread$WrappingRunnable.run(TaskThread.java:63) ~[tomcat-embed-core-10.1.30.jar:10.1.30]
	at java.base/java.lang.Thread.run(Thread.java:842) ~[na:na]

2024-10-11T10:57:23.690+02:00  WARN 11692 --- [Artist] [http-nio-8080-exec-8] .w.s.m.s.DefaultHandlerExceptionResolver : Resolved [org.springframework.http.converter.HttpMessageNotReadableException: JSON parse error: Cannot construct instance of `it.apuliadigital.Artist.model.Artist$GenreEnum`, problem: Unexpected value 'POP']
2024-10-11T11:01:00.792+02:00  INFO 11692 --- [Artist] [SpringApplicationShutdownHook] j.LocalContainerEntityManagerFactoryBean : Closing JPA EntityManagerFactory for persistence unit 'default'
2024-10-11T11:01:00.794+02:00  INFO 11692 --- [Artist] [SpringApplicationShutdownHook] com.zaxxer.hikari.HikariDataSource       : HikariPool-1 - Shutdown initiated...
2024-10-11T11:01:00.797+02:00  INFO 11692 --- [Artist] [SpringApplicationShutdownHook] com.zaxxer.hikari.HikariDataSource       : HikariPool-1 - Shutdown completed.
2024-10-11T11:01:11.352+02:00  INFO 12228 --- [Artist] [main] i.a.Artist.ArtistApplication             : Starting ArtistApplication using Java 17.0.12 with PID 12228 (C:\Users\Studente\EserciziJava\JavaSpringExercises\Artist\target\classes started by Studente in C:\Users\Studente\EserciziJava\JavaSpringExercises\Artist)
2024-10-11T11:01:11.355+02:00  INFO 12228 --- [Artist] [main] i.a.Artist.ArtistApplication             : No active profile set, falling back to 1 default profile: "default"
2024-10-11T11:01:12.099+02:00  INFO 12228 --- [Artist] [main] .s.d.r.c.RepositoryConfigurationDelegate : Bootstrapping Spring Data JPA repositories in DEFAULT mode.
2024-10-11T11:01:12.157+02:00  INFO 12228 --- [Artist] [main] .s.d.r.c.RepositoryConfigurationDelegate : Finished Spring Data repository scanning in 49 ms. Found 1 JPA repository interface.
2024-10-11T11:01:12.657+02:00  INFO 12228 --- [Artist] [main] o.s.b.w.embedded.tomcat.TomcatWebServer  : Tomcat initialized with port 8080 (http)
2024-10-11T11:01:12.671+02:00  INFO 12228 --- [Artist] [main] o.apache.catalina.core.StandardService   : Starting service [Tomcat]
2024-10-11T11:01:12.671+02:00  INFO 12228 --- [Artist] [main] o.apache.catalina.core.StandardEngine    : Starting Servlet engine: [Apache Tomcat/10.1.30]
2024-10-11T11:01:12.746+02:00  INFO 12228 --- [Artist] [main] o.a.c.c.C.[Tomcat].[localhost].[/]       : Initializing Spring embedded WebApplicationContext
2024-10-11T11:01:12.747+02:00  INFO 12228 --- [Artist] [main] w.s.c.ServletWebServerApplicationContext : Root WebApplicationContext: initialization completed in 1335 ms
2024-10-11T11:01:12.778+02:00  INFO 12228 --- [Artist] [main] com.zaxxer.hikari.HikariDataSource       : HikariPool-1 - Starting...
2024-10-11T11:01:12.938+02:00  INFO 12228 --- [Artist] [main] com.zaxxer.hikari.pool.HikariPool        : HikariPool-1 - Added connection conn0: url=jdbc:h2:mem:artistdb user=SA
2024-10-11T11:01:12.940+02:00  INFO 12228 --- [Artist] [main] com.zaxxer.hikari.HikariDataSource       : HikariPool-1 - Start completed.
2024-10-11T11:01:12.950+02:00  INFO 12228 --- [Artist] [main] o.s.b.a.h2.H2ConsoleAutoConfiguration    : H2 console available at '/h2-console'. Database available at 'jdbc:h2:mem:artistdb'
2024-10-11T11:01:13.062+02:00  INFO 12228 --- [Artist] [main] o.hibernate.jpa.internal.util.LogHelper  : HHH000204: Processing PersistenceUnitInfo [name: default]
2024-10-11T11:01:13.120+02:00  INFO 12228 --- [Artist] [main] org.hibernate.Version                    : HHH000412: Hibernate ORM core version 6.5.3.Final
2024-10-11T11:01:13.156+02:00  INFO 12228 --- [Artist] [main] o.h.c.internal.RegionFactoryInitiator    : HHH000026: Second-level cache disabled
2024-10-11T11:01:13.461+02:00  INFO 12228 --- [Artist] [main] o.s.o.j.p.SpringPersistenceUnitInfo      : No LoadTimeWeaver setup: ignoring JPA class transformer
2024-10-11T11:01:13.510+02:00  WARN 12228 --- [Artist] [main] org.hibernate.orm.deprecation            : HHH90000025: H2Dialect does not need to be specified explicitly using 'hibernate.dialect' (remove the property setting and it will be selected by default)
2024-10-11T11:01:14.347+02:00  INFO 12228 --- [Artist] [main] o.h.e.t.j.p.i.JtaPlatformInitiator       : HHH000489: No JTA platform available (set 'hibernate.transaction.jta.platform' to enable JTA platform integration)
2024-10-11T11:01:14.387+02:00  INFO 12228 --- [Artist] [main] j.LocalContainerEntityManagerFactoryBean : Initialized JPA EntityManagerFactory for persistence unit 'default'
2024-10-11T11:01:15.119+02:00  INFO 12228 --- [Artist] [main] o.s.b.w.embedded.tomcat.TomcatWebServer  : Tomcat started on port 8080 (http) with context path '/'
2024-10-11T11:01:15.128+02:00  INFO 12228 --- [Artist] [main] i.a.Artist.ArtistApplication             : Started ArtistApplication in 4.189 seconds (process running for 4.537)
2024-10-11T11:01:15.338+02:00  INFO 12228 --- [Artist] [http-nio-8080-exec-1] o.a.c.c.C.[Tomcat].[localhost].[/]       : Initializing Spring DispatcherServlet 'dispatcherServlet'
2024-10-11T11:01:15.338+02:00  INFO 12228 --- [Artist] [http-nio-8080-exec-1] o.s.web.servlet.DispatcherServlet        : Initializing Servlet 'dispatcherServlet'
2024-10-11T11:01:15.340+02:00  INFO 12228 --- [Artist] [http-nio-8080-exec-1] o.s.web.servlet.DispatcherServlet        : Completed initialization in 1 ms
2024-10-11T11:01:15.913+02:00  INFO 12228 --- [Artist] [http-nio-8080-exec-4] o.springdoc.api.AbstractOpenApiResource  : Init duration for springdoc-openapi is: 317 ms
2024-10-11T11:06:14.322+02:00  INFO 12228 --- [Artist] [SpringApplicationShutdownHook] j.LocalContainerEntityManagerFactoryBean : Closing JPA EntityManagerFactory for persistence unit 'default'
2024-10-11T11:06:14.324+02:00  INFO 12228 --- [Artist] [SpringApplicationShutdownHook] com.zaxxer.hikari.HikariDataSource       : HikariPool-1 - Shutdown initiated...
2024-10-11T11:06:14.326+02:00  INFO 12228 --- [Artist] [SpringApplicationShutdownHook] com.zaxxer.hikari.HikariDataSource       : HikariPool-1 - Shutdown completed.
2024-10-11T11:06:24.399+02:00  INFO 3548 --- [Artist] [main] i.a.Artist.ArtistApplication             : Starting ArtistApplication using Java 17.0.12 with PID 3548 (C:\Users\Studente\EserciziJava\JavaSpringExercises\Artist\target\classes started by Studente in C:\Users\Studente\EserciziJava\JavaSpringExercises\Artist)
2024-10-11T11:06:24.402+02:00  INFO 3548 --- [Artist] [main] i.a.Artist.ArtistApplication             : No active profile set, falling back to 1 default profile: "default"
2024-10-11T11:06:25.131+02:00  INFO 3548 --- [Artist] [main] .s.d.r.c.RepositoryConfigurationDelegate : Bootstrapping Spring Data JPA repositories in DEFAULT mode.
2024-10-11T11:06:25.188+02:00  INFO 3548 --- [Artist] [main] .s.d.r.c.RepositoryConfigurationDelegate : Finished Spring Data repository scanning in 48 ms. Found 1 JPA repository interface.
2024-10-11T11:06:25.691+02:00  INFO 3548 --- [Artist] [main] o.s.b.w.embedded.tomcat.TomcatWebServer  : Tomcat initialized with port 8080 (http)
2024-10-11T11:06:25.704+02:00  INFO 3548 --- [Artist] [main] o.apache.catalina.core.StandardService   : Starting service [Tomcat]
2024-10-11T11:06:25.704+02:00  INFO 3548 --- [Artist] [main] o.apache.catalina.core.StandardEngine    : Starting Servlet engine: [Apache Tomcat/10.1.30]
2024-10-11T11:06:25.778+02:00  INFO 3548 --- [Artist] [main] o.a.c.c.C.[Tomcat].[localhost].[/]       : Initializing Spring embedded WebApplicationContext
2024-10-11T11:06:25.779+02:00  INFO 3548 --- [Artist] [main] w.s.c.ServletWebServerApplicationContext : Root WebApplicationContext: initialization completed in 1319 ms
2024-10-11T11:06:25.814+02:00  INFO 3548 --- [Artist] [main] com.zaxxer.hikari.HikariDataSource       : HikariPool-1 - Starting...
2024-10-11T11:06:25.977+02:00  INFO 3548 --- [Artist] [main] com.zaxxer.hikari.pool.HikariPool        : HikariPool-1 - Added connection conn0: url=jdbc:h2:mem:artistdb user=SA
2024-10-11T11:06:25.979+02:00  INFO 3548 --- [Artist] [main] com.zaxxer.hikari.HikariDataSource       : HikariPool-1 - Start completed.
2024-10-11T11:06:25.988+02:00  INFO 3548 --- [Artist] [main] o.s.b.a.h2.H2ConsoleAutoConfiguration    : H2 console available at '/h2-console'. Database available at 'jdbc:h2:mem:artistdb'
2024-10-11T11:06:26.103+02:00  INFO 3548 --- [Artist] [main] o.hibernate.jpa.internal.util.LogHelper  : HHH000204: Processing PersistenceUnitInfo [name: default]
2024-10-11T11:06:26.161+02:00  INFO 3548 --- [Artist] [main] org.hibernate.Version                    : HHH000412: Hibernate ORM core version 6.5.3.Final
2024-10-11T11:06:26.197+02:00  INFO 3548 --- [Artist] [main] o.h.c.internal.RegionFactoryInitiator    : HHH000026: Second-level cache disabled
2024-10-11T11:06:26.510+02:00  INFO 3548 --- [Artist] [main] o.s.o.j.p.SpringPersistenceUnitInfo      : No LoadTimeWeaver setup: ignoring JPA class transformer
2024-10-11T11:06:26.560+02:00  WARN 3548 --- [Artist] [main] org.hibernate.orm.deprecation            : HHH90000025: H2Dialect does not need to be specified explicitly using 'hibernate.dialect' (remove the property setting and it will be selected by default)
2024-10-11T11:06:27.381+02:00  INFO 3548 --- [Artist] [main] o.h.e.t.j.p.i.JtaPlatformInitiator       : HHH000489: No JTA platform available (set 'hibernate.transaction.jta.platform' to enable JTA platform integration)
2024-10-11T11:06:27.420+02:00  INFO 3548 --- [Artist] [main] j.LocalContainerEntityManagerFactoryBean : Initialized JPA EntityManagerFactory for persistence unit 'default'
2024-10-11T11:06:28.155+02:00  INFO 3548 --- [Artist] [main] o.s.b.w.embedded.tomcat.TomcatWebServer  : Tomcat started on port 8080 (http) with context path '/'
2024-10-11T11:06:28.170+02:00  INFO 3548 --- [Artist] [main] i.a.Artist.ArtistApplication             : Started ArtistApplication in 4.212 seconds (process running for 4.563)
2024-10-11T11:12:51.002+02:00  INFO 3548 --- [Artist] [SpringApplicationShutdownHook] j.LocalContainerEntityManagerFactoryBean : Closing JPA EntityManagerFactory for persistence unit 'default'
2024-10-11T11:12:51.004+02:00  INFO 3548 --- [Artist] [SpringApplicationShutdownHook] com.zaxxer.hikari.HikariDataSource       : HikariPool-1 - Shutdown initiated...
2024-10-11T11:12:51.006+02:00  INFO 3548 --- [Artist] [SpringApplicationShutdownHook] com.zaxxer.hikari.HikariDataSource       : HikariPool-1 - Shutdown completed.
2024-10-11T11:16:36.201+02:00  INFO 2056 --- [Artist] [main] i.a.Artist.ArtistApplication             : Starting ArtistApplication using Java 17.0.12 with PID 2056 (C:\Users\Studente\EserciziJava\JavaSpringExercises\Artist\target\classes started by Studente in C:\Users\Studente\EserciziJava\JavaSpringExercises\Artist)
2024-10-11T11:16:36.204+02:00  INFO 2056 --- [Artist] [main] i.a.Artist.ArtistApplication             : No active profile set, falling back to 1 default profile: "default"
2024-10-11T11:16:36.939+02:00  INFO 2056 --- [Artist] [main] .s.d.r.c.RepositoryConfigurationDelegate : Bootstrapping Spring Data JPA repositories in DEFAULT mode.
2024-10-11T11:16:36.997+02:00  INFO 2056 --- [Artist] [main] .s.d.r.c.RepositoryConfigurationDelegate : Finished Spring Data repository scanning in 50 ms. Found 1 JPA repository interface.
2024-10-11T11:16:37.498+02:00  INFO 2056 --- [Artist] [main] o.s.b.w.embedded.tomcat.TomcatWebServer  : Tomcat initialized with port 8080 (http)
2024-10-11T11:16:37.512+02:00  INFO 2056 --- [Artist] [main] o.apache.catalina.core.StandardService   : Starting service [Tomcat]
2024-10-11T11:16:37.512+02:00  INFO 2056 --- [Artist] [main] o.apache.catalina.core.StandardEngine    : Starting Servlet engine: [Apache Tomcat/10.1.30]
2024-10-11T11:16:37.585+02:00  INFO 2056 --- [Artist] [main] o.a.c.c.C.[Tomcat].[localhost].[/]       : Initializing Spring embedded WebApplicationContext
2024-10-11T11:16:37.586+02:00  INFO 2056 --- [Artist] [main] w.s.c.ServletWebServerApplicationContext : Root WebApplicationContext: initialization completed in 1324 ms
2024-10-11T11:16:37.621+02:00  INFO 2056 --- [Artist] [main] com.zaxxer.hikari.HikariDataSource       : HikariPool-1 - Starting...
2024-10-11T11:16:37.786+02:00  INFO 2056 --- [Artist] [main] com.zaxxer.hikari.pool.HikariPool        : HikariPool-1 - Added connection conn0: url=jdbc:h2:mem:artistdb user=SA
2024-10-11T11:16:37.788+02:00  INFO 2056 --- [Artist] [main] com.zaxxer.hikari.HikariDataSource       : HikariPool-1 - Start completed.
2024-10-11T11:16:37.798+02:00  INFO 2056 --- [Artist] [main] o.s.b.a.h2.H2ConsoleAutoConfiguration    : H2 console available at '/h2-console'. Database available at 'jdbc:h2:mem:artistdb'
2024-10-11T11:16:37.913+02:00  INFO 2056 --- [Artist] [main] o.hibernate.jpa.internal.util.LogHelper  : HHH000204: Processing PersistenceUnitInfo [name: default]
2024-10-11T11:16:37.971+02:00  INFO 2056 --- [Artist] [main] org.hibernate.Version                    : HHH000412: Hibernate ORM core version 6.5.3.Final
2024-10-11T11:16:38.006+02:00  INFO 2056 --- [Artist] [main] o.h.c.internal.RegionFactoryInitiator    : HHH000026: Second-level cache disabled
2024-10-11T11:16:38.309+02:00  INFO 2056 --- [Artist] [main] o.s.o.j.p.SpringPersistenceUnitInfo      : No LoadTimeWeaver setup: ignoring JPA class transformer
2024-10-11T11:16:38.357+02:00  WARN 2056 --- [Artist] [main] org.hibernate.orm.deprecation            : HHH90000025: H2Dialect does not need to be specified explicitly using 'hibernate.dialect' (remove the property setting and it will be selected by default)
2024-10-11T11:16:39.150+02:00  INFO 2056 --- [Artist] [main] o.h.e.t.j.p.i.JtaPlatformInitiator       : HHH000489: No JTA platform available (set 'hibernate.transaction.jta.platform' to enable JTA platform integration)
2024-10-11T11:16:39.189+02:00  INFO 2056 --- [Artist] [main] j.LocalContainerEntityManagerFactoryBean : Initialized JPA EntityManagerFactory for persistence unit 'default'
2024-10-11T11:16:39.917+02:00  INFO 2056 --- [Artist] [main] o.s.b.w.embedded.tomcat.TomcatWebServer  : Tomcat started on port 8080 (http) with context path '/'
2024-10-11T11:16:39.926+02:00  INFO 2056 --- [Artist] [main] i.a.Artist.ArtistApplication             : Started ArtistApplication in 4.167 seconds (process running for 4.516)
2024-10-11T11:16:53.516+02:00  INFO 2056 --- [Artist] [http-nio-8080-exec-1] o.a.c.c.C.[Tomcat].[localhost].[/]       : Initializing Spring DispatcherServlet 'dispatcherServlet'
2024-10-11T11:16:53.516+02:00  INFO 2056 --- [Artist] [http-nio-8080-exec-1] o.s.web.servlet.DispatcherServlet        : Initializing Servlet 'dispatcherServlet'
2024-10-11T11:16:53.517+02:00  INFO 2056 --- [Artist] [http-nio-8080-exec-1] o.s.web.servlet.DispatcherServlet        : Completed initialization in 0 ms
2024-10-11T11:16:53.990+02:00  INFO 2056 --- [Artist] [http-nio-8080-exec-5] o.springdoc.api.AbstractOpenApiResource  : Init duration for springdoc-openapi is: 298 ms
2024-10-11T11:44:30.570+02:00  INFO 2056 --- [Artist] [SpringApplicationShutdownHook] j.LocalContainerEntityManagerFactoryBean : Closing JPA EntityManagerFactory for persistence unit 'default'
2024-10-11T11:44:30.574+02:00  INFO 2056 --- [Artist] [SpringApplicationShutdownHook] com.zaxxer.hikari.HikariDataSource       : HikariPool-1 - Shutdown initiated...
2024-10-11T11:44:30.576+02:00  INFO 2056 --- [Artist] [SpringApplicationShutdownHook] com.zaxxer.hikari.HikariDataSource       : HikariPool-1 - Shutdown completed.
2024-10-11T11:44:42.480+02:00  INFO 10592 --- [Artist] [main] i.a.Artist.ArtistApplicationTests        : Starting ArtistApplicationTests using Java 17.0.12 with PID 10592 (started by Studente in C:\Users\Studente\EserciziJava\JavaSpringExercises\Artist)
2024-10-11T11:44:42.482+02:00  INFO 10592 --- [Artist] [main] i.a.Artist.ArtistApplicationTests        : No active profile set, falling back to 1 default profile: "default"
2024-10-11T11:44:43.540+02:00  INFO 10592 --- [Artist] [main] .s.d.r.c.RepositoryConfigurationDelegate : Bootstrapping Spring Data JPA repositories in DEFAULT mode.
2024-10-11T11:44:43.605+02:00  INFO 10592 --- [Artist] [main] .s.d.r.c.RepositoryConfigurationDelegate : Finished Spring Data repository scanning in 54 ms. Found 1 JPA repository interface.
2024-10-11T11:44:44.147+02:00  INFO 10592 --- [Artist] [main] o.hibernate.jpa.internal.util.LogHelper  : HHH000204: Processing PersistenceUnitInfo [name: default]
2024-10-11T11:44:44.250+02:00  INFO 10592 --- [Artist] [main] org.hibernate.Version                    : HHH000412: Hibernate ORM core version 6.5.3.Final
2024-10-11T11:44:44.310+02:00  INFO 10592 --- [Artist] [main] o.h.c.internal.RegionFactoryInitiator    : HHH000026: Second-level cache disabled
2024-10-11T11:44:44.797+02:00  INFO 10592 --- [Artist] [main] o.s.o.j.p.SpringPersistenceUnitInfo      : No LoadTimeWeaver setup: ignoring JPA class transformer
2024-10-11T11:44:44.840+02:00  INFO 10592 --- [Artist] [main] com.zaxxer.hikari.HikariDataSource       : HikariPool-1 - Starting...
2024-10-11T11:44:45.094+02:00  INFO 10592 --- [Artist] [main] com.zaxxer.hikari.pool.HikariPool        : HikariPool-1 - Added connection conn0: url=jdbc:h2:file:./data/artist user=SA
2024-10-11T11:44:45.096+02:00  INFO 10592 --- [Artist] [main] com.zaxxer.hikari.HikariDataSource       : HikariPool-1 - Start completed.
2024-10-11T11:44:45.137+02:00  WARN 10592 --- [Artist] [main] org.hibernate.orm.deprecation            : HHH90000025: H2Dialect does not need to be specified explicitly using 'hibernate.dialect' (remove the property setting and it will be selected by default)
2024-10-11T11:44:46.203+02:00  INFO 10592 --- [Artist] [main] o.h.e.t.j.p.i.JtaPlatformInitiator       : HHH000489: No JTA platform available (set 'hibernate.transaction.jta.platform' to enable JTA platform integration)
2024-10-11T11:44:46.244+02:00  INFO 10592 --- [Artist] [main] j.LocalContainerEntityManagerFactoryBean : Initialized JPA EntityManagerFactory for persistence unit 'default'
2024-10-11T11:44:47.382+02:00  INFO 10592 --- [Artist] [main] o.s.b.a.h2.H2ConsoleAutoConfiguration    : H2 console available at '/h2-console'. Database available at 'jdbc:h2:file:./data/artist'
2024-10-11T11:44:47.449+02:00  INFO 10592 --- [Artist] [main] i.a.Artist.ArtistApplicationTests        : Started ArtistApplicationTests in 5.487 seconds (process running for 6.729)
2024-10-11T11:44:48.119+02:00  INFO 10592 --- [Artist] [SpringApplicationShutdownHook] j.LocalContainerEntityManagerFactoryBean : Closing JPA EntityManagerFactory for persistence unit 'default'
2024-10-11T11:44:48.122+02:00  INFO 10592 --- [Artist] [SpringApplicationShutdownHook] com.zaxxer.hikari.HikariDataSource       : HikariPool-1 - Shutdown initiated...
2024-10-11T11:44:48.126+02:00  INFO 10592 --- [Artist] [SpringApplicationShutdownHook] com.zaxxer.hikari.HikariDataSource       : HikariPool-1 - Shutdown completed.
2024-10-11T11:45:00.738+02:00  INFO 8644 --- [Artist] [main] i.a.Artist.ArtistApplication             : Starting ArtistApplication using Java 17.0.12 with PID 8644 (C:\Users\Studente\EserciziJava\JavaSpringExercises\Artist\target\classes started by Studente in C:\Users\Studente\EserciziJava\JavaSpringExercises\Artist)
2024-10-11T11:45:00.742+02:00  INFO 8644 --- [Artist] [main] i.a.Artist.ArtistApplication             : No active profile set, falling back to 1 default profile: "default"
2024-10-11T11:45:01.504+02:00  INFO 8644 --- [Artist] [main] .s.d.r.c.RepositoryConfigurationDelegate : Bootstrapping Spring Data JPA repositories in DEFAULT mode.
2024-10-11T11:45:01.566+02:00  INFO 8644 --- [Artist] [main] .s.d.r.c.RepositoryConfigurationDelegate : Finished Spring Data repository scanning in 53 ms. Found 1 JPA repository interface.
2024-10-11T11:45:02.129+02:00  INFO 8644 --- [Artist] [main] o.s.b.w.embedded.tomcat.TomcatWebServer  : Tomcat initialized with port 8080 (http)
2024-10-11T11:45:02.143+02:00  INFO 8644 --- [Artist] [main] o.apache.catalina.core.StandardService   : Starting service [Tomcat]
2024-10-11T11:45:02.144+02:00  INFO 8644 --- [Artist] [main] o.apache.catalina.core.StandardEngine    : Starting Servlet engine: [Apache Tomcat/10.1.30]
2024-10-11T11:45:02.222+02:00  INFO 8644 --- [Artist] [main] o.a.c.c.C.[Tomcat].[localhost].[/]       : Initializing Spring embedded WebApplicationContext
2024-10-11T11:45:02.222+02:00  INFO 8644 --- [Artist] [main] w.s.c.ServletWebServerApplicationContext : Root WebApplicationContext: initialization completed in 1419 ms
2024-10-11T11:45:02.256+02:00  INFO 8644 --- [Artist] [main] com.zaxxer.hikari.HikariDataSource       : HikariPool-1 - Starting...
2024-10-11T11:45:02.485+02:00  INFO 8644 --- [Artist] [main] com.zaxxer.hikari.pool.HikariPool        : HikariPool-1 - Added connection conn0: url=jdbc:h2:file:./data/artist user=SA
2024-10-11T11:45:02.487+02:00  INFO 8644 --- [Artist] [main] com.zaxxer.hikari.HikariDataSource       : HikariPool-1 - Start completed.
2024-10-11T11:45:02.497+02:00  INFO 8644 --- [Artist] [main] o.s.b.a.h2.H2ConsoleAutoConfiguration    : H2 console available at '/h2-console'. Database available at 'jdbc:h2:file:./data/artist'
2024-10-11T11:45:02.622+02:00  INFO 8644 --- [Artist] [main] o.hibernate.jpa.internal.util.LogHelper  : HHH000204: Processing PersistenceUnitInfo [name: default]
2024-10-11T11:45:02.684+02:00  INFO 8644 --- [Artist] [main] org.hibernate.Version                    : HHH000412: Hibernate ORM core version 6.5.3.Final
2024-10-11T11:45:02.723+02:00  INFO 8644 --- [Artist] [main] o.h.c.internal.RegionFactoryInitiator    : HHH000026: Second-level cache disabled
2024-10-11T11:45:03.051+02:00  INFO 8644 --- [Artist] [main] o.s.o.j.p.SpringPersistenceUnitInfo      : No LoadTimeWeaver setup: ignoring JPA class transformer
2024-10-11T11:45:03.106+02:00  WARN 8644 --- [Artist] [main] org.hibernate.orm.deprecation            : HHH90000025: H2Dialect does not need to be specified explicitly using 'hibernate.dialect' (remove the property setting and it will be selected by default)
2024-10-11T11:45:03.933+02:00  INFO 8644 --- [Artist] [main] o.h.e.t.j.p.i.JtaPlatformInitiator       : HHH000489: No JTA platform available (set 'hibernate.transaction.jta.platform' to enable JTA platform integration)
2024-10-11T11:45:03.964+02:00  INFO 8644 --- [Artist] [main] j.LocalContainerEntityManagerFactoryBean : Initialized JPA EntityManagerFactory for persistence unit 'default'
2024-10-11T11:45:04.704+02:00  INFO 8644 --- [Artist] [main] o.s.b.w.embedded.tomcat.TomcatWebServer  : Tomcat started on port 8080 (http) with context path '/'
2024-10-11T11:45:04.713+02:00  INFO 8644 --- [Artist] [main] i.a.Artist.ArtistApplication             : Started ArtistApplication in 4.406 seconds (process running for 4.775)
2024-10-11T11:45:05.329+02:00  INFO 8644 --- [Artist] [http-nio-8080-exec-1] o.a.c.c.C.[Tomcat].[localhost].[/]       : Initializing Spring DispatcherServlet 'dispatcherServlet'
2024-10-11T11:45:05.330+02:00  INFO 8644 --- [Artist] [http-nio-8080-exec-1] o.s.web.servlet.DispatcherServlet        : Initializing Servlet 'dispatcherServlet'
2024-10-11T11:45:05.332+02:00  INFO 8644 --- [Artist] [http-nio-8080-exec-1] o.s.web.servlet.DispatcherServlet        : Completed initialization in 2 ms
2024-10-11T11:45:05.962+02:00  INFO 8644 --- [Artist] [http-nio-8080-exec-4] o.springdoc.api.AbstractOpenApiResource  : Init duration for springdoc-openapi is: 320 ms
2024-10-11T11:45:10.853+02:00  INFO 8644 --- [Artist] [http-nio-8080-exec-3] i.a.Artist.controller.ArtistController   : Artist created: class Artist {
    id: 1
    type: solo
    name: string
    surname: string
    stageName: string
    birthYear: 0
    biography: string
    genre: pop
    nationality: string
}
2024-10-11T11:45:36.878+02:00  INFO 8644 --- [Artist] [SpringApplicationShutdownHook] j.LocalContainerEntityManagerFactoryBean : Closing JPA EntityManagerFactory for persistence unit 'default'
2024-10-11T11:45:36.881+02:00  INFO 8644 --- [Artist] [SpringApplicationShutdownHook] com.zaxxer.hikari.HikariDataSource       : HikariPool-1 - Shutdown initiated...
2024-10-11T11:45:36.883+02:00  INFO 8644 --- [Artist] [SpringApplicationShutdownHook] com.zaxxer.hikari.HikariDataSource       : HikariPool-1 - Shutdown completed.
2024-10-11T11:45:54.400+02:00  INFO 14444 --- [Artist] [main] i.a.Artist.ArtistApplication             : Starting ArtistApplication using Java 17.0.12 with PID 14444 (C:\Users\Studente\EserciziJava\JavaSpringExercises\Artist\target\classes started by Studente in C:\Users\Studente\EserciziJava\JavaSpringExercises\Artist)
2024-10-11T11:45:54.403+02:00  INFO 14444 --- [Artist] [main] i.a.Artist.ArtistApplication             : No active profile set, falling back to 1 default profile: "default"
2024-10-11T11:45:55.128+02:00  INFO 14444 --- [Artist] [main] .s.d.r.c.RepositoryConfigurationDelegate : Bootstrapping Spring Data JPA repositories in DEFAULT mode.
2024-10-11T11:45:55.187+02:00  INFO 14444 --- [Artist] [main] .s.d.r.c.RepositoryConfigurationDelegate : Finished Spring Data repository scanning in 51 ms. Found 1 JPA repository interface.
2024-10-11T11:45:55.717+02:00  INFO 14444 --- [Artist] [main] o.s.b.w.embedded.tomcat.TomcatWebServer  : Tomcat initialized with port 8080 (http)
2024-10-11T11:45:55.730+02:00  INFO 14444 --- [Artist] [main] o.apache.catalina.core.StandardService   : Starting service [Tomcat]
2024-10-11T11:45:55.731+02:00  INFO 14444 --- [Artist] [main] o.apache.catalina.core.StandardEngine    : Starting Servlet engine: [Apache Tomcat/10.1.30]
2024-10-11T11:45:55.811+02:00  INFO 14444 --- [Artist] [main] o.a.c.c.C.[Tomcat].[localhost].[/]       : Initializing Spring embedded WebApplicationContext
2024-10-11T11:45:55.812+02:00  INFO 14444 --- [Artist] [main] w.s.c.ServletWebServerApplicationContext : Root WebApplicationContext: initialization completed in 1354 ms
2024-10-11T11:45:55.846+02:00  INFO 14444 --- [Artist] [main] com.zaxxer.hikari.HikariDataSource       : HikariPool-1 - Starting...
2024-10-11T11:45:56.063+02:00  INFO 14444 --- [Artist] [main] com.zaxxer.hikari.pool.HikariPool        : HikariPool-1 - Added connection conn0: url=jdbc:h2:file:./data/artist user=SA
2024-10-11T11:45:56.065+02:00  INFO 14444 --- [Artist] [main] com.zaxxer.hikari.HikariDataSource       : HikariPool-1 - Start completed.
2024-10-11T11:45:56.075+02:00  INFO 14444 --- [Artist] [main] o.s.b.a.h2.H2ConsoleAutoConfiguration    : H2 console available at '/h2-console'. Database available at 'jdbc:h2:file:./data/artist'
2024-10-11T11:45:56.213+02:00  INFO 14444 --- [Artist] [main] o.hibernate.jpa.internal.util.LogHelper  : HHH000204: Processing PersistenceUnitInfo [name: default]
2024-10-11T11:45:56.274+02:00  INFO 14444 --- [Artist] [main] org.hibernate.Version                    : HHH000412: Hibernate ORM core version 6.5.3.Final
2024-10-11T11:45:56.313+02:00  INFO 14444 --- [Artist] [main] o.h.c.internal.RegionFactoryInitiator    : HHH000026: Second-level cache disabled
2024-10-11T11:45:56.637+02:00  INFO 14444 --- [Artist] [main] o.s.o.j.p.SpringPersistenceUnitInfo      : No LoadTimeWeaver setup: ignoring JPA class transformer
2024-10-11T11:45:56.687+02:00  WARN 14444 --- [Artist] [main] org.hibernate.orm.deprecation            : HHH90000025: H2Dialect does not need to be specified explicitly using 'hibernate.dialect' (remove the property setting and it will be selected by default)
2024-10-11T11:45:57.591+02:00  INFO 14444 --- [Artist] [main] o.h.e.t.j.p.i.JtaPlatformInitiator       : HHH000489: No JTA platform available (set 'hibernate.transaction.jta.platform' to enable JTA platform integration)
2024-10-11T11:45:57.621+02:00  INFO 14444 --- [Artist] [main] j.LocalContainerEntityManagerFactoryBean : Initialized JPA EntityManagerFactory for persistence unit 'default'
2024-10-11T11:45:58.419+02:00  INFO 14444 --- [Artist] [main] o.s.b.w.embedded.tomcat.TomcatWebServer  : Tomcat started on port 8080 (http) with context path '/'
2024-10-11T11:45:58.429+02:00  INFO 14444 --- [Artist] [main] i.a.Artist.ArtistApplication             : Started ArtistApplication in 4.455 seconds (process running for 4.805)
2024-10-11T11:45:58.574+02:00  INFO 14444 --- [Artist] [http-nio-8080-exec-3] o.a.c.c.C.[Tomcat].[localhost].[/]       : Initializing Spring DispatcherServlet 'dispatcherServlet'
2024-10-11T11:45:58.575+02:00  INFO 14444 --- [Artist] [http-nio-8080-exec-3] o.s.web.servlet.DispatcherServlet        : Initializing Servlet 'dispatcherServlet'
2024-10-11T11:45:58.576+02:00  INFO 14444 --- [Artist] [http-nio-8080-exec-3] o.s.web.servlet.DispatcherServlet        : Completed initialization in 1 ms
2024-10-11T11:45:59.077+02:00  INFO 14444 --- [Artist] [http-nio-8080-exec-8] o.springdoc.api.AbstractOpenApiResource  : Init duration for springdoc-openapi is: 320 ms
2024-10-11T12:41:48.262+02:00  INFO 14444 --- [Artist] [SpringApplicationShutdownHook] j.LocalContainerEntityManagerFactoryBean : Closing JPA EntityManagerFactory for persistence unit 'default'
2024-10-11T12:41:48.267+02:00  INFO 14444 --- [Artist] [SpringApplicationShutdownHook] com.zaxxer.hikari.HikariDataSource       : HikariPool-1 - Shutdown initiated...
2024-10-11T12:41:48.269+02:00  INFO 14444 --- [Artist] [SpringApplicationShutdownHook] com.zaxxer.hikari.HikariDataSource       : HikariPool-1 - Shutdown completed.
