2024-10-09T12:35:49.221+02:00  INFO 18716 --- [AlbumAPI] [main] i.a.AlbumAPI.AlbumApiApplication         : Starting AlbumApiApplication using Java 17.0.12 with PID 18716 (C:\Users\Studente\EserciziJava\JavaSpringExercises\AlbumAPI\target\classes started by Studente in C:\Users\Studente\EserciziJava\JavaSpringExercises\AlbumAPI)
2024-10-09T12:35:49.224+02:00  INFO 18716 --- [AlbumAPI] [main] i.a.AlbumAPI.AlbumApiApplication         : No active profile set, falling back to 1 default profile: "default"
2024-10-09T12:35:50.301+02:00  INFO 18716 --- [AlbumAPI] [main] o.s.b.w.embedded.tomcat.TomcatWebServer  : Tomcat initialized with port 8080 (http)
2024-10-09T12:35:50.314+02:00  INFO 18716 --- [AlbumAPI] [main] o.apache.catalina.core.StandardService   : Starting service [Tomcat]
2024-10-09T12:35:50.317+02:00  INFO 18716 --- [AlbumAPI] [main] o.apache.catalina.core.StandardEngine    : Starting Servlet engine: [Apache Tomcat/10.1.30]
2024-10-09T12:35:50.379+02:00  INFO 18716 --- [AlbumAPI] [main] o.a.c.c.C.[Tomcat].[localhost].[/]       : Initializing Spring embedded WebApplicationContext
2024-10-09T12:35:50.380+02:00  INFO 18716 --- [AlbumAPI] [main] w.s.c.ServletWebServerApplicationContext : Root WebApplicationContext: initialization completed in 1105 ms
2024-10-09T12:35:50.836+02:00  INFO 18716 --- [AlbumAPI] [main] o.s.b.w.embedded.tomcat.TomcatWebServer  : Tomcat started on port 8080 (http) with context path '/'
2024-10-09T12:35:50.846+02:00  INFO 18716 --- [AlbumAPI] [main] i.a.AlbumAPI.AlbumApiApplication         : Started AlbumApiApplication in 2.044 seconds (process running for 2.389)
2024-10-09T12:35:57.484+02:00  INFO 18716 --- [AlbumAPI] [http-nio-8080-exec-1] o.a.c.c.C.[Tomcat].[localhost].[/]       : Initializing Spring DispatcherServlet 'dispatcherServlet'
2024-10-09T12:35:57.485+02:00  INFO 18716 --- [AlbumAPI] [http-nio-8080-exec-1] o.s.web.servlet.DispatcherServlet        : Initializing Servlet 'dispatcherServlet'
2024-10-09T12:35:57.486+02:00  INFO 18716 --- [AlbumAPI] [http-nio-8080-exec-1] o.s.web.servlet.DispatcherServlet        : Completed initialization in 1 ms
2024-10-09T12:35:57.528+02:00  WARN 18716 --- [AlbumAPI] [http-nio-8080-exec-1] .w.s.m.s.DefaultHandlerExceptionResolver : Resolved [org.springframework.web.method.annotation.MethodArgumentTypeMismatchException: Failed to convert value of type 'java.lang.String' to required type 'java.lang.Long'; For input string: "g"]
2024-10-09T12:35:58.190+02:00  WARN 18716 --- [AlbumAPI] [http-nio-8080-exec-2] .w.s.m.s.DefaultHandlerExceptionResolver : Resolved [org.springframework.web.method.annotation.MethodArgumentTypeMismatchException: Failed to convert value of type 'java.lang.String' to required type 'java.lang.Long'; For input string: "g"]
2024-10-09T12:35:58.909+02:00  WARN 18716 --- [AlbumAPI] [http-nio-8080-exec-4] .w.s.m.s.DefaultHandlerExceptionResolver : Resolved [org.springframework.web.method.annotation.MethodArgumentTypeMismatchException: Failed to convert value of type 'java.lang.String' to required type 'java.lang.Long'; For input string: "g"]
2024-10-09T12:39:30.886+02:00  WARN 18716 --- [AlbumAPI] [http-nio-8080-exec-6] .w.s.m.s.DefaultHandlerExceptionResolver : Resolved [org.springframework.web.method.annotation.MethodArgumentTypeMismatchException: Failed to convert value of type 'java.lang.String' to required type 'java.lang.Long'; For input string: "b"]
2024-10-09T14:06:57.492+02:00  INFO 8568 --- [AlbumAPI] [main] i.a.AlbumAPI.AlbumApiApplicationTests    : Starting AlbumApiApplicationTests using Java 17.0.12 with PID 8568 (started by Studente in C:\Users\Studente\EserciziJava\JavaSpringExercises\AlbumAPI)
2024-10-09T14:06:57.494+02:00  INFO 8568 --- [AlbumAPI] [main] i.a.AlbumAPI.AlbumApiApplicationTests    : No active profile set, falling back to 1 default profile: "default"
2024-10-09T14:06:59.489+02:00  INFO 8568 --- [AlbumAPI] [main] i.a.AlbumAPI.AlbumApiApplicationTests    : Started AlbumApiApplicationTests in 2.339 seconds (process running for 3.443)
2024-10-09T14:08:04.585+02:00  INFO 18532 --- [AlbumAPI] [main] i.a.AlbumAPI.AlbumApiApplicationTests    : Starting AlbumApiApplicationTests using Java 17.0.12 with PID 18532 (started by Studente in C:\Users\Studente\EserciziJava\JavaSpringExercises\AlbumAPI)
2024-10-09T14:08:04.587+02:00  INFO 18532 --- [AlbumAPI] [main] i.a.AlbumAPI.AlbumApiApplicationTests    : No active profile set, falling back to 1 default profile: "default"
2024-10-09T14:08:06.604+02:00  INFO 18532 --- [AlbumAPI] [main] i.a.AlbumAPI.AlbumApiApplicationTests    : Started AlbumApiApplicationTests in 2.346 seconds (process running for 3.512)
