2024-10-11T09:05:15.600+02:00  INFO 13608 --- [albumApi] [main] i.a.albumApi.AlbumApiApplication         : Starting AlbumApiApplication using Java 17.0.12 with PID 13608 (C:\Users\Studente\EserciziJava\JavaSpringExercises\albumApi\target\classes started by Studente in C:\Users\Studente\EserciziJava\JavaSpringExercises\albumApi)
2024-10-11T09:05:15.608+02:00  INFO 13608 --- [albumApi] [main] i.a.albumApi.AlbumApiApplication         : No active profile set, falling back to 1 default profile: "default"
2024-10-11T09:05:16.527+02:00  INFO 13608 --- [albumApi] [main] .s.d.r.c.RepositoryConfigurationDelegate : Bootstrapping Spring Data JPA repositories in DEFAULT mode.
2024-10-11T09:05:16.589+02:00  INFO 13608 --- [albumApi] [main] .s.d.r.c.RepositoryConfigurationDelegate : Finished Spring Data repository scanning in 53 ms. Found 1 JPA repository interface.
2024-10-11T09:05:17.174+02:00  INFO 13608 --- [albumApi] [main] o.s.b.w.embedded.tomcat.TomcatWebServer  : Tomcat initialized with port 8080 (http)
2024-10-11T09:05:17.190+02:00  INFO 13608 --- [albumApi] [main] o.apache.catalina.core.StandardService   : Starting service [Tomcat]
2024-10-11T09:05:17.190+02:00  INFO 13608 --- [albumApi] [main] o.apache.catalina.core.StandardEngine    : Starting Servlet engine: [Apache Tomcat/10.1.30]
2024-10-11T09:05:17.299+02:00  INFO 13608 --- [albumApi] [main] o.a.c.c.C.[Tomcat].[localhost].[/]       : Initializing Spring embedded WebApplicationContext
2024-10-11T09:05:17.300+02:00  INFO 13608 --- [albumApi] [main] w.s.c.ServletWebServerApplicationContext : Root WebApplicationContext: initialization completed in 1627 ms
2024-10-11T09:05:17.337+02:00  INFO 13608 --- [albumApi] [main] com.zaxxer.hikari.HikariDataSource       : HikariPool-1 - Starting...
2024-10-11T09:05:17.538+02:00  INFO 13608 --- [albumApi] [main] com.zaxxer.hikari.pool.HikariPool        : HikariPool-1 - Added connection conn0: url=jdbc:h2:mem:testdb user=SA
2024-10-11T09:05:17.540+02:00  INFO 13608 --- [albumApi] [main] com.zaxxer.hikari.HikariDataSource       : HikariPool-1 - Start completed.
2024-10-11T09:05:17.549+02:00  INFO 13608 --- [albumApi] [main] o.s.b.a.h2.H2ConsoleAutoConfiguration    : H2 console available at '/h2-console'. Database available at 'jdbc:h2:mem:testdb'
2024-10-11T09:05:17.681+02:00  INFO 13608 --- [albumApi] [main] o.hibernate.jpa.internal.util.LogHelper  : HHH000204: Processing PersistenceUnitInfo [name: default]
2024-10-11T09:05:17.762+02:00  INFO 13608 --- [albumApi] [main] org.hibernate.Version                    : HHH000412: Hibernate ORM core version 6.5.3.Final
2024-10-11T09:05:17.806+02:00  INFO 13608 --- [albumApi] [main] o.h.c.internal.RegionFactoryInitiator    : HHH000026: Second-level cache disabled
2024-10-11T09:05:18.157+02:00  INFO 13608 --- [albumApi] [main] o.s.o.j.p.SpringPersistenceUnitInfo      : No LoadTimeWeaver setup: ignoring JPA class transformer
2024-10-11T09:05:18.219+02:00  WARN 13608 --- [albumApi] [main] org.hibernate.orm.deprecation            : HHH90000025: H2Dialect does not need to be specified explicitly using 'hibernate.dialect' (remove the property setting and it will be selected by default)
2024-10-11T09:05:19.073+02:00  INFO 13608 --- [albumApi] [main] o.h.e.t.j.p.i.JtaPlatformInitiator       : HHH000489: No JTA platform available (set 'hibernate.transaction.jta.platform' to enable JTA platform integration)
2024-10-11T09:05:19.113+02:00  INFO 13608 --- [albumApi] [main] j.LocalContainerEntityManagerFactoryBean : Initialized JPA EntityManagerFactory for persistence unit 'default'
2024-10-11T09:05:19.994+02:00  INFO 13608 --- [albumApi] [main] o.s.b.w.embedded.tomcat.TomcatWebServer  : Tomcat started on port 8080 (http) with context path '/'
2024-10-11T09:05:20.003+02:00  INFO 13608 --- [albumApi] [main] i.a.albumApi.AlbumApiApplication         : Started AlbumApiApplication in 4.896 seconds (process running for 5.306)
2024-10-11T09:05:20.702+02:00  INFO 13608 --- [albumApi] [http-nio-8080-exec-6] o.a.c.c.C.[Tomcat].[localhost].[/]       : Initializing Spring DispatcherServlet 'dispatcherServlet'
2024-10-11T09:05:20.703+02:00  INFO 13608 --- [albumApi] [http-nio-8080-exec-6] o.s.web.servlet.DispatcherServlet        : Initializing Servlet 'dispatcherServlet'
2024-10-11T09:05:20.705+02:00  INFO 13608 --- [albumApi] [http-nio-8080-exec-6] o.s.web.servlet.DispatcherServlet        : Completed initialization in 2 ms
2024-10-11T09:05:35.642+02:00  INFO 13608 --- [albumApi] [http-nio-8080-exec-9] o.springdoc.api.AbstractOpenApiResource  : Init duration for springdoc-openapi is: 378 ms
2024-10-11T09:20:19.053+02:00  WARN 13608 --- [albumApi] [HikariPool-1 housekeeper] com.zaxxer.hikari.pool.HikariPool        : HikariPool-1 - Thread starvation or clock leap detected (housekeeper delta=1m31s188ms76µs500ns).
2024-10-11T09:26:52.087+02:00  INFO 13608 --- [albumApi] [SpringApplicationShutdownHook] j.LocalContainerEntityManagerFactoryBean : Closing JPA EntityManagerFactory for persistence unit 'default'
2024-10-11T09:26:52.089+02:00  INFO 13608 --- [albumApi] [SpringApplicationShutdownHook] com.zaxxer.hikari.HikariDataSource       : HikariPool-1 - Shutdown initiated...
2024-10-11T09:26:52.091+02:00  INFO 13608 --- [albumApi] [SpringApplicationShutdownHook] com.zaxxer.hikari.HikariDataSource       : HikariPool-1 - Shutdown completed.
2024-10-11T09:27:03.315+02:00  INFO 6548 --- [albumApi] [main] i.a.albumApi.AlbumApiApplication         : Starting AlbumApiApplication using Java 17.0.12 with PID 6548 (C:\Users\Studente\EserciziJava\JavaSpringExercises\albumApi\target\classes started by Studente in C:\Users\Studente\EserciziJava\JavaSpringExercises\albumApi)
2024-10-11T09:27:03.318+02:00  INFO 6548 --- [albumApi] [main] i.a.albumApi.AlbumApiApplication         : No active profile set, falling back to 1 default profile: "default"
2024-10-11T09:27:04.037+02:00  INFO 6548 --- [albumApi] [main] .s.d.r.c.RepositoryConfigurationDelegate : Bootstrapping Spring Data JPA repositories in DEFAULT mode.
2024-10-11T09:27:04.100+02:00  INFO 6548 --- [albumApi] [main] .s.d.r.c.RepositoryConfigurationDelegate : Finished Spring Data repository scanning in 55 ms. Found 1 JPA repository interface.
2024-10-11T09:27:04.604+02:00  INFO 6548 --- [albumApi] [main] o.s.b.w.embedded.tomcat.TomcatWebServer  : Tomcat initialized with port 8080 (http)
2024-10-11T09:27:04.618+02:00  INFO 6548 --- [albumApi] [main] o.apache.catalina.core.StandardService   : Starting service [Tomcat]
2024-10-11T09:27:04.618+02:00  INFO 6548 --- [albumApi] [main] o.apache.catalina.core.StandardEngine    : Starting Servlet engine: [Apache Tomcat/10.1.30]
2024-10-11T09:27:04.691+02:00  INFO 6548 --- [albumApi] [main] o.a.c.c.C.[Tomcat].[localhost].[/]       : Initializing Spring embedded WebApplicationContext
2024-10-11T09:27:04.692+02:00  INFO 6548 --- [albumApi] [main] w.s.c.ServletWebServerApplicationContext : Root WebApplicationContext: initialization completed in 1317 ms
2024-10-11T09:27:04.730+02:00  INFO 6548 --- [albumApi] [main] com.zaxxer.hikari.HikariDataSource       : HikariPool-1 - Starting...
2024-10-11T09:27:04.908+02:00  INFO 6548 --- [albumApi] [main] com.zaxxer.hikari.pool.HikariPool        : HikariPool-1 - Added connection conn0: url=jdbc:h2:mem:testdb user=SA
2024-10-11T09:27:04.910+02:00  INFO 6548 --- [albumApi] [main] com.zaxxer.hikari.HikariDataSource       : HikariPool-1 - Start completed.
2024-10-11T09:27:04.920+02:00  INFO 6548 --- [albumApi] [main] o.s.b.a.h2.H2ConsoleAutoConfiguration    : H2 console available at '/h2-console'. Database available at 'jdbc:h2:mem:testdb'
2024-10-11T09:27:05.041+02:00  INFO 6548 --- [albumApi] [main] o.hibernate.jpa.internal.util.LogHelper  : HHH000204: Processing PersistenceUnitInfo [name: default]
2024-10-11T09:27:05.102+02:00  INFO 6548 --- [albumApi] [main] org.hibernate.Version                    : HHH000412: Hibernate ORM core version 6.5.3.Final
2024-10-11T09:27:05.141+02:00  INFO 6548 --- [albumApi] [main] o.h.c.internal.RegionFactoryInitiator    : HHH000026: Second-level cache disabled
2024-10-11T09:27:05.470+02:00  INFO 6548 --- [albumApi] [main] o.s.o.j.p.SpringPersistenceUnitInfo      : No LoadTimeWeaver setup: ignoring JPA class transformer
2024-10-11T09:27:05.525+02:00  WARN 6548 --- [albumApi] [main] org.hibernate.orm.deprecation            : HHH90000025: H2Dialect does not need to be specified explicitly using 'hibernate.dialect' (remove the property setting and it will be selected by default)
2024-10-11T09:27:06.326+02:00  INFO 6548 --- [albumApi] [main] o.h.e.t.j.p.i.JtaPlatformInitiator       : HHH000489: No JTA platform available (set 'hibernate.transaction.jta.platform' to enable JTA platform integration)
2024-10-11T09:27:06.362+02:00  INFO 6548 --- [albumApi] [main] j.LocalContainerEntityManagerFactoryBean : Initialized JPA EntityManagerFactory for persistence unit 'default'
2024-10-11T09:27:07.136+02:00  INFO 6548 --- [albumApi] [main] o.s.b.w.embedded.tomcat.TomcatWebServer  : Tomcat started on port 8080 (http) with context path '/'
2024-10-11T09:27:07.145+02:00  INFO 6548 --- [albumApi] [main] i.a.albumApi.AlbumApiApplication         : Started AlbumApiApplication in 4.237 seconds (process running for 4.583)
2024-10-11T09:27:07.526+02:00  INFO 6548 --- [albumApi] [http-nio-8080-exec-1] o.a.c.c.C.[Tomcat].[localhost].[/]       : Initializing Spring DispatcherServlet 'dispatcherServlet'
2024-10-11T09:27:07.526+02:00  INFO 6548 --- [albumApi] [http-nio-8080-exec-1] o.s.web.servlet.DispatcherServlet        : Initializing Servlet 'dispatcherServlet'
2024-10-11T09:27:07.527+02:00  INFO 6548 --- [albumApi] [http-nio-8080-exec-1] o.s.web.servlet.DispatcherServlet        : Completed initialization in 1 ms
2024-10-11T09:27:08.204+02:00  INFO 6548 --- [albumApi] [http-nio-8080-exec-4] o.springdoc.api.AbstractOpenApiResource  : Init duration for springdoc-openapi is: 390 ms
2024-10-11T09:29:01.141+02:00  INFO 6548 --- [albumApi] [SpringApplicationShutdownHook] j.LocalContainerEntityManagerFactoryBean : Closing JPA EntityManagerFactory for persistence unit 'default'
2024-10-11T09:29:01.146+02:00  INFO 6548 --- [albumApi] [SpringApplicationShutdownHook] com.zaxxer.hikari.HikariDataSource       : HikariPool-1 - Shutdown initiated...
2024-10-11T09:29:01.148+02:00  INFO 6548 --- [albumApi] [SpringApplicationShutdownHook] com.zaxxer.hikari.HikariDataSource       : HikariPool-1 - Shutdown completed.
2024-10-11T09:29:11.619+02:00  INFO 10940 --- [albumApi] [main] i.a.albumApi.AlbumApiApplication         : Starting AlbumApiApplication using Java 17.0.12 with PID 10940 (C:\Users\Studente\EserciziJava\JavaSpringExercises\albumApi\target\classes started by Studente in C:\Users\Studente\EserciziJava\JavaSpringExercises\albumApi)
2024-10-11T09:29:11.622+02:00  INFO 10940 --- [albumApi] [main] i.a.albumApi.AlbumApiApplication         : No active profile set, falling back to 1 default profile: "default"
2024-10-11T09:29:12.366+02:00  INFO 10940 --- [albumApi] [main] .s.d.r.c.RepositoryConfigurationDelegate : Bootstrapping Spring Data JPA repositories in DEFAULT mode.
2024-10-11T09:29:12.420+02:00  INFO 10940 --- [albumApi] [main] .s.d.r.c.RepositoryConfigurationDelegate : Finished Spring Data repository scanning in 45 ms. Found 1 JPA repository interface.
2024-10-11T09:29:12.918+02:00  INFO 10940 --- [albumApi] [main] o.s.b.w.embedded.tomcat.TomcatWebServer  : Tomcat initialized with port 8080 (http)
2024-10-11T09:29:12.931+02:00  INFO 10940 --- [albumApi] [main] o.apache.catalina.core.StandardService   : Starting service [Tomcat]
2024-10-11T09:29:12.931+02:00  INFO 10940 --- [albumApi] [main] o.apache.catalina.core.StandardEngine    : Starting Servlet engine: [Apache Tomcat/10.1.30]
2024-10-11T09:29:13.004+02:00  INFO 10940 --- [albumApi] [main] o.a.c.c.C.[Tomcat].[localhost].[/]       : Initializing Spring embedded WebApplicationContext
2024-10-11T09:29:13.005+02:00  INFO 10940 --- [albumApi] [main] w.s.c.ServletWebServerApplicationContext : Root WebApplicationContext: initialization completed in 1325 ms
2024-10-11T09:29:13.041+02:00  INFO 10940 --- [albumApi] [main] com.zaxxer.hikari.HikariDataSource       : HikariPool-1 - Starting...
2024-10-11T09:29:13.234+02:00  INFO 10940 --- [albumApi] [main] com.zaxxer.hikari.pool.HikariPool        : HikariPool-1 - Added connection conn0: url=jdbc:h2:mem:testdb user=SA
2024-10-11T09:29:13.236+02:00  INFO 10940 --- [albumApi] [main] com.zaxxer.hikari.HikariDataSource       : HikariPool-1 - Start completed.
2024-10-11T09:29:13.246+02:00  INFO 10940 --- [albumApi] [main] o.s.b.a.h2.H2ConsoleAutoConfiguration    : H2 console available at '/h2-console'. Database available at 'jdbc:h2:mem:testdb'
2024-10-11T09:29:13.366+02:00  INFO 10940 --- [albumApi] [main] o.hibernate.jpa.internal.util.LogHelper  : HHH000204: Processing PersistenceUnitInfo [name: default]
2024-10-11T09:29:13.424+02:00  INFO 10940 --- [albumApi] [main] org.hibernate.Version                    : HHH000412: Hibernate ORM core version 6.5.3.Final
2024-10-11T09:29:13.458+02:00  INFO 10940 --- [albumApi] [main] o.h.c.internal.RegionFactoryInitiator    : HHH000026: Second-level cache disabled
2024-10-11T09:29:13.771+02:00  INFO 10940 --- [albumApi] [main] o.s.o.j.p.SpringPersistenceUnitInfo      : No LoadTimeWeaver setup: ignoring JPA class transformer
2024-10-11T09:29:13.820+02:00  WARN 10940 --- [albumApi] [main] org.hibernate.orm.deprecation            : HHH90000025: H2Dialect does not need to be specified explicitly using 'hibernate.dialect' (remove the property setting and it will be selected by default)
2024-10-11T09:29:14.607+02:00  INFO 10940 --- [albumApi] [main] o.h.e.t.j.p.i.JtaPlatformInitiator       : HHH000489: No JTA platform available (set 'hibernate.transaction.jta.platform' to enable JTA platform integration)
2024-10-11T09:29:14.641+02:00  INFO 10940 --- [albumApi] [main] j.LocalContainerEntityManagerFactoryBean : Initialized JPA EntityManagerFactory for persistence unit 'default'
2024-10-11T09:29:15.379+02:00  INFO 10940 --- [albumApi] [main] o.s.b.w.embedded.tomcat.TomcatWebServer  : Tomcat started on port 8080 (http) with context path '/'
2024-10-11T09:29:15.389+02:00  INFO 10940 --- [albumApi] [main] i.a.albumApi.AlbumApiApplication         : Started AlbumApiApplication in 4.196 seconds (process running for 4.536)
2024-10-11T09:29:40.385+02:00  INFO 10940 --- [albumApi] [http-nio-8080-exec-5] o.a.c.c.C.[Tomcat].[localhost].[/]       : Initializing Spring DispatcherServlet 'dispatcherServlet'
2024-10-11T09:29:40.385+02:00  INFO 10940 --- [albumApi] [http-nio-8080-exec-5] o.s.web.servlet.DispatcherServlet        : Initializing Servlet 'dispatcherServlet'
2024-10-11T09:29:40.386+02:00  INFO 10940 --- [albumApi] [http-nio-8080-exec-5] o.s.web.servlet.DispatcherServlet        : Completed initialization in 1 ms
2024-10-11T09:29:40.954+02:00  INFO 10940 --- [albumApi] [http-nio-8080-exec-4] o.springdoc.api.AbstractOpenApiResource  : Init duration for springdoc-openapi is: 406 ms
2024-10-11T10:39:01.694+02:00  INFO 10940 --- [albumApi] [SpringApplicationShutdownHook] j.LocalContainerEntityManagerFactoryBean : Closing JPA EntityManagerFactory for persistence unit 'default'
2024-10-11T10:39:01.716+02:00  INFO 10940 --- [albumApi] [SpringApplicationShutdownHook] com.zaxxer.hikari.HikariDataSource       : HikariPool-1 - Shutdown initiated...
2024-10-11T10:39:01.720+02:00  INFO 10940 --- [albumApi] [SpringApplicationShutdownHook] com.zaxxer.hikari.HikariDataSource       : HikariPool-1 - Shutdown completed.
