18-10-2024 13:03:58 [http-nio-8080-exec-1] INFO  BookingController - Ingresso nel metodo getAllBookings
18-10-2024 13:03:58 [http-nio-8080-exec-1] WARN  BookingController - Nessuna prenotazione trovata.
18-10-2024 13:03:59 [http-nio-8080-exec-3] INFO  BookingController - Ingresso nel metodo getAllBookings
18-10-2024 13:03:59 [http-nio-8080-exec-3] WARN  BookingController - Nessuna prenotazione trovata.
18-10-2024 13:04:23 [http-nio-8080-exec-2] INFO  BookingController - Ingresso nel metodo createBooking
18-10-2024 13:04:23 [http-nio-8080-exec-2] INFO  BookingController - Prenotazione creata con id: 2
18-10-2024 13:04:23 [http-nio-8080-exec-2] INFO  BookingController - Uscita dal metodo createBooking con risultato: class BookingDTO {
    id: 2
    guestName: Luca Rossi
    roomNumber: 101
    checkInDate: 2024-10-06
    checkOutDate: 2024-10-07
    totalPrice: 450.5
}
18-10-2024 13:06:15 [http-nio-8080-exec-1] INFO  BookingController - Ingresso nel metodo createBooking
18-10-2024 13:06:15 [http-nio-8080-exec-1] INFO  BookingController - Prenotazione creata con id: 2
18-10-2024 13:06:15 [http-nio-8080-exec-1] INFO  BookingController - Uscita dal metodo createBooking con risultato: class BookingDTO {
    id: 2
    guestName: Luca Rossi
    roomNumber: 101
    checkInDate: 2024-10-06
    checkOutDate: 2024-10-07
    totalPrice: 450.5
}
18-10-2024 13:06:17 [http-nio-8080-exec-2] INFO  BookingController - Ingresso nel metodo createBooking
18-10-2024 13:06:17 [http-nio-8080-exec-2] ERROR BookingController - La prenotazione per la camera 101 già esiste per la data di check-in 2024-10-06
18-10-2024 13:09:02 [http-nio-8080-exec-1] INFO  BookingController - Ingresso nel metodo createBooking
18-10-2024 13:09:03 [http-nio-8080-exec-1] INFO  BookingController - Prenotazione creata con id: 2
18-10-2024 13:09:03 [http-nio-8080-exec-1] INFO  BookingController - Uscita dal metodo createBooking con risultato: class BookingDTO {
    id: 2
    guestName: Luca Rossi
    roomNumber: 101
    checkInDate: 2024-10-06
    checkOutDate: 2024-10-10
    totalPrice: 450.5
}
18-10-2024 13:09:10 [http-nio-8080-exec-3] INFO  BookingController - Ingresso nel metodo createBooking
18-10-2024 13:09:10 [http-nio-8080-exec-3] ERROR BookingController - Sovrapposizione di prenotazione per la camera 101: già prenotata da 2024-10-06 a 2024-10-10
18-10-2024 13:09:17 [http-nio-8080-exec-2] INFO  BookingController - Ingresso nel metodo createBooking
18-10-2024 13:09:17 [http-nio-8080-exec-2] ERROR BookingController - Sovrapposizione di prenotazione per la camera 101: già prenotata da 2024-10-06 a 2024-10-10
18-10-2024 13:09:25 [http-nio-8080-exec-6] INFO  BookingController - Ingresso nel metodo createBooking
18-10-2024 13:09:25 [http-nio-8080-exec-6] ERROR BookingController - Sovrapposizione di prenotazione per la camera 101: già prenotata da 2024-10-06 a 2024-10-10
18-10-2024 13:09:31 [http-nio-8080-exec-5] INFO  BookingController - Ingresso nel metodo createBooking
18-10-2024 13:09:31 [http-nio-8080-exec-5] INFO  BookingController - Prenotazione creata con id: 2
18-10-2024 13:09:31 [http-nio-8080-exec-5] INFO  BookingController - Uscita dal metodo createBooking con risultato: class BookingDTO {
    id: 2
    guestName: Luca Rossi
    roomNumber: 101
    checkInDate: 2024-10-10
    checkOutDate: 2024-10-11
    totalPrice: 450.5
}
18-10-2024 13:11:16 [http-nio-8080-exec-1] INFO  BookingController - Ingresso nel metodo getAllBookings
18-10-2024 13:11:16 [http-nio-8080-exec-1] WARN  BookingController - Nessuna prenotazione trovata.
18-10-2024 13:11:19 [http-nio-8080-exec-2] INFO  BookingController - Ingresso nel metodo createBooking
18-10-2024 13:11:19 [http-nio-8080-exec-2] INFO  BookingController - Prenotazione creata con id: 2
18-10-2024 13:11:19 [http-nio-8080-exec-2] INFO  BookingController - Uscita dal metodo createBooking con risultato: class BookingDTO {
    id: 2
    guestName: Luca Rossi
    roomNumber: 101
    checkInDate: 2024-10-10
    checkOutDate: 2024-10-11
    totalPrice: 450.5
}
18-10-2024 13:11:21 [http-nio-8080-exec-3] INFO  BookingController - Ingresso nel metodo createBooking
18-10-2024 13:11:21 [http-nio-8080-exec-3] ERROR BookingController - Sovrapposizione di prenotazione per la camera 101: già prenotata da 2024-10-10 a 2024-10-11
18-10-2024 13:11:30 [http-nio-8080-exec-4] INFO  BookingController - Ingresso nel metodo createBooking
18-10-2024 13:11:35 [http-nio-8080-exec-5] INFO  BookingController - Ingresso nel metodo createBooking
18-10-2024 13:11:35 [http-nio-8080-exec-5] INFO  BookingController - Prenotazione creata con id: 2
18-10-2024 13:11:35 [http-nio-8080-exec-5] INFO  BookingController - Uscita dal metodo createBooking con risultato: class BookingDTO {
    id: 2
    guestName: Luca Rossi
    roomNumber: 101
    checkInDate: 2024-10-12
    checkOutDate: 2024-10-13
    totalPrice: 450.5
}
18-10-2024 13:11:53 [http-nio-8080-exec-9] INFO  BookingController - Ingresso nel metodo createBooking
18-10-2024 13:12:09 [http-nio-8080-exec-7] INFO  BookingController - Ingresso nel metodo createBooking
18-10-2024 13:12:13 [http-nio-8080-exec-8] INFO  BookingController - Ingresso nel metodo createBooking
18-10-2024 13:12:13 [http-nio-8080-exec-8] INFO  BookingController - Prenotazione creata con id: 2
18-10-2024 13:12:13 [http-nio-8080-exec-8] INFO  BookingController - Uscita dal metodo createBooking con risultato: class BookingDTO {
    id: 2
    guestName: Luca Rossi
    roomNumber: 101
    checkInDate: 2024-10-11
    checkOutDate: 2024-10-12
    totalPrice: 450.5
}
18-10-2024 13:12:15 [http-nio-8080-exec-6] INFO  BookingController - Ingresso nel metodo createBooking
18-10-2024 13:12:15 [http-nio-8080-exec-6] ERROR BookingController - Sovrapposizione di prenotazione per la camera 101: già prenotata da 2024-10-11 a 2024-10-12
18-10-2024 13:13:25 [http-nio-8080-exec-1] INFO  BookingController - Ingresso nel metodo createBooking
18-10-2024 13:13:25 [http-nio-8080-exec-1] INFO  BookingController - Prenotazione creata con id: 2
18-10-2024 13:13:25 [http-nio-8080-exec-1] INFO  BookingController - Uscita dal metodo createBooking con risultato: class BookingDTO {
    id: 2
    guestName: Luca Rossi
    roomNumber: 101
    checkInDate: 2024-10-11
    checkOutDate: 2024-10-12
    totalPrice: 450.5
}
18-10-2024 13:13:38 [http-nio-8080-exec-2] INFO  BookingController - Ingresso nel metodo createBooking
18-10-2024 13:13:38 [http-nio-8080-exec-2] ERROR BookingController - Sovrapposizione di prenotazione per la camera 101: già prenotata da 2024-10-11 a 2024-10-12
18-10-2024 13:13:41 [http-nio-8080-exec-3] INFO  BookingController - Ingresso nel metodo createBooking
18-10-2024 13:13:41 [http-nio-8080-exec-3] ERROR BookingController - Sovrapposizione di prenotazione per la camera 101: già prenotata da 2024-10-11 a 2024-10-12
18-10-2024 13:13:41 [http-nio-8080-exec-4] INFO  BookingController - Ingresso nel metodo createBooking
18-10-2024 13:13:41 [http-nio-8080-exec-4] ERROR BookingController - Sovrapposizione di prenotazione per la camera 101: già prenotata da 2024-10-11 a 2024-10-12
18-10-2024 13:13:41 [http-nio-8080-exec-5] INFO  BookingController - Ingresso nel metodo createBooking
18-10-2024 13:13:41 [http-nio-8080-exec-5] ERROR BookingController - Sovrapposizione di prenotazione per la camera 101: già prenotata da 2024-10-11 a 2024-10-12
18-10-2024 13:13:41 [http-nio-8080-exec-6] INFO  BookingController - Ingresso nel metodo createBooking
18-10-2024 13:13:41 [http-nio-8080-exec-6] ERROR BookingController - Sovrapposizione di prenotazione per la camera 101: già prenotata da 2024-10-11 a 2024-10-12
18-10-2024 13:13:41 [http-nio-8080-exec-7] INFO  BookingController - Ingresso nel metodo createBooking
18-10-2024 13:13:41 [http-nio-8080-exec-7] ERROR BookingController - Sovrapposizione di prenotazione per la camera 101: già prenotata da 2024-10-11 a 2024-10-12
18-10-2024 13:13:42 [http-nio-8080-exec-8] INFO  BookingController - Ingresso nel metodo createBooking
18-10-2024 13:13:42 [http-nio-8080-exec-8] ERROR BookingController - Sovrapposizione di prenotazione per la camera 101: già prenotata da 2024-10-11 a 2024-10-12
18-10-2024 13:16:50 [http-nio-8080-exec-1] INFO  BookingController - Ingresso nel metodo createBooking
18-10-2024 13:16:50 [http-nio-8080-exec-1] INFO  BookingController - Prenotazione creata con id: 2
18-10-2024 13:16:50 [http-nio-8080-exec-1] INFO  BookingController - Uscita dal metodo createBooking con risultato: class BookingDTO {
    id: 2
    guestName: Luca Rossi
    roomNumber: 101
    checkInDate: 2024-10-11
    checkOutDate: 2024-10-12
    totalPrice: 450.5
}
