18-10-2024 13:03:52 [main] INFO  Application - Starting Application using Java 17.0.12 with PID 9980 (C:\Users\Studente\EserciziJava\JavaSpringExercises\AprileEsame\springboot.esercizio2.filippo-aprile\target\classes started by Studente in C:\Users\Studente\EserciziJava\JavaSpringExercises\AprileEsame\springboot.esercizio2.filippo-aprile)
18-10-2024 13:03:52 [main] INFO  Application - No active profile set, falling back to 1 default profile: "default"
18-10-2024 13:03:53 [main] INFO  Http11NioProtocol - Initializing ProtocolHandler ["http-nio-8080"]
18-10-2024 13:03:53 [main] INFO  StandardService - Starting service [Tomcat]
18-10-2024 13:03:53 [main] INFO  StandardEngine - Starting Servlet engine: [Apache Tomcat/10.1.30]
18-10-2024 13:03:53 [main] INFO  [/] - Initializing Spring embedded WebApplicationContext
18-10-2024 13:03:53 [main] INFO  HikariDataSource - HikariPool-1 - Starting...
18-10-2024 13:03:53 [main] INFO  HikariPool - HikariPool-1 - Added connection conn0: url=jdbc:h2:file:./data/booking user=SA
18-10-2024 13:03:53 [main] INFO  HikariDataSource - HikariPool-1 - Start completed.
18-10-2024 13:03:53 [main] INFO  LogHelper - HHH000204: Processing PersistenceUnitInfo [name: default]
18-10-2024 13:03:54 [main] INFO  Version - HHH000412: Hibernate ORM core version 6.5.3.Final
18-10-2024 13:03:54 [main] INFO  RegionFactoryInitiator - HHH000026: Second-level cache disabled
18-10-2024 13:03:54 [main] WARN  deprecation - HHH90000025: H2Dialect does not need to be specified explicitly using 'hibernate.dialect' (remove the property setting and it will be selected by default)
18-10-2024 13:03:55 [main] INFO  JtaPlatformInitiator - HHH000489: No JTA platform available (set 'hibernate.transaction.jta.platform' to enable JTA platform integration)
18-10-2024 13:03:55 [main] INFO  Http11NioProtocol - Starting ProtocolHandler ["http-nio-8080"]
18-10-2024 13:03:56 [main] INFO  Application - Started Application in 4.284 seconds (process running for 4.632)
18-10-2024 13:03:58 [http-nio-8080-exec-1] INFO  [/] - Initializing Spring DispatcherServlet 'dispatcherServlet'
18-10-2024 13:05:37 [SpringApplicationShutdownHook] INFO  HikariDataSource - HikariPool-1 - Shutdown initiated...
18-10-2024 13:05:37 [SpringApplicationShutdownHook] INFO  HikariDataSource - HikariPool-1 - Shutdown completed.
18-10-2024 13:05:55 [main] INFO  Application - Starting Application using Java 17.0.12 with PID 944 (C:\Users\Studente\EserciziJava\JavaSpringExercises\AprileEsame\springboot.esercizio2.filippo-aprile\target\classes started by Studente in C:\Users\Studente\EserciziJava\JavaSpringExercises\AprileEsame\springboot.esercizio2.filippo-aprile)
18-10-2024 13:05:55 [main] INFO  Application - No active profile set, falling back to 1 default profile: "default"
18-10-2024 13:05:56 [main] INFO  Http11NioProtocol - Initializing ProtocolHandler ["http-nio-8080"]
18-10-2024 13:05:56 [main] INFO  StandardService - Starting service [Tomcat]
18-10-2024 13:05:56 [main] INFO  StandardEngine - Starting Servlet engine: [Apache Tomcat/10.1.30]
18-10-2024 13:05:56 [main] INFO  [/] - Initializing Spring embedded WebApplicationContext
18-10-2024 13:05:56 [main] INFO  HikariDataSource - HikariPool-1 - Starting...
18-10-2024 13:05:57 [main] INFO  HikariPool - HikariPool-1 - Added connection conn0: url=jdbc:h2:file:./data/booking user=SA
18-10-2024 13:05:57 [main] INFO  HikariDataSource - HikariPool-1 - Start completed.
18-10-2024 13:05:57 [main] INFO  LogHelper - HHH000204: Processing PersistenceUnitInfo [name: default]
18-10-2024 13:05:57 [main] INFO  Version - HHH000412: Hibernate ORM core version 6.5.3.Final
18-10-2024 13:05:57 [main] INFO  RegionFactoryInitiator - HHH000026: Second-level cache disabled
18-10-2024 13:05:57 [main] WARN  deprecation - HHH90000025: H2Dialect does not need to be specified explicitly using 'hibernate.dialect' (remove the property setting and it will be selected by default)
18-10-2024 13:05:58 [main] INFO  JtaPlatformInitiator - HHH000489: No JTA platform available (set 'hibernate.transaction.jta.platform' to enable JTA platform integration)
18-10-2024 13:05:59 [main] INFO  Http11NioProtocol - Starting ProtocolHandler ["http-nio-8080"]
18-10-2024 13:05:59 [main] INFO  Application - Started Application in 4.413 seconds (process running for 4.979)
18-10-2024 13:06:14 [http-nio-8080-exec-1] INFO  [/] - Initializing Spring DispatcherServlet 'dispatcherServlet'
18-10-2024 13:06:15 [http-nio-8080-exec-1] INFO  BookingController - Ingresso nel metodo createBooking
18-10-2024 13:06:15 [http-nio-8080-exec-1] INFO  BookingController - Prenotazione creata con id: 2
18-10-2024 13:06:15 [http-nio-8080-exec-1] INFO  BookingController - Uscita dal metodo createBooking con risultato: class BookingDTO {
    id: 2
    guestName: Luca Rossi
    roomNumber: 101
    checkInDate: 2024-10-06
    checkOutDate: 2024-10-07
    totalPrice: 450.5
}
18-10-2024 13:06:17 [http-nio-8080-exec-2] INFO  BookingController - Ingresso nel metodo createBooking
18-10-2024 13:06:17 [http-nio-8080-exec-2] ERROR BookingController - La prenotazione per la camera 101 già esiste per la data di check-in 2024-10-06
18-10-2024 13:08:43 [SpringApplicationShutdownHook] INFO  HikariDataSource - HikariPool-1 - Shutdown initiated...
18-10-2024 13:08:43 [SpringApplicationShutdownHook] INFO  HikariDataSource - HikariPool-1 - Shutdown completed.
18-10-2024 13:08:54 [main] INFO  Application - Starting Application using Java 17.0.12 with PID 11588 (C:\Users\Studente\EserciziJava\JavaSpringExercises\AprileEsame\springboot.esercizio2.filippo-aprile\target\classes started by Studente in C:\Users\Studente\EserciziJava\JavaSpringExercises\AprileEsame\springboot.esercizio2.filippo-aprile)
18-10-2024 13:08:54 [main] INFO  Application - No active profile set, falling back to 1 default profile: "default"
18-10-2024 13:08:55 [main] INFO  Http11NioProtocol - Initializing ProtocolHandler ["http-nio-8080"]
18-10-2024 13:08:55 [main] INFO  StandardService - Starting service [Tomcat]
18-10-2024 13:08:55 [main] INFO  StandardEngine - Starting Servlet engine: [Apache Tomcat/10.1.30]
18-10-2024 13:08:55 [main] INFO  [/] - Initializing Spring embedded WebApplicationContext
18-10-2024 13:08:55 [main] INFO  HikariDataSource - HikariPool-1 - Starting...
18-10-2024 13:08:56 [main] INFO  HikariPool - HikariPool-1 - Added connection conn0: url=jdbc:h2:file:./data/booking user=SA
18-10-2024 13:08:56 [main] INFO  HikariDataSource - HikariPool-1 - Start completed.
18-10-2024 13:08:56 [main] INFO  LogHelper - HHH000204: Processing PersistenceUnitInfo [name: default]
18-10-2024 13:08:56 [main] INFO  Version - HHH000412: Hibernate ORM core version 6.5.3.Final
18-10-2024 13:08:56 [main] INFO  RegionFactoryInitiator - HHH000026: Second-level cache disabled
18-10-2024 13:08:57 [main] WARN  deprecation - HHH90000025: H2Dialect does not need to be specified explicitly using 'hibernate.dialect' (remove the property setting and it will be selected by default)
18-10-2024 13:08:58 [main] INFO  JtaPlatformInitiator - HHH000489: No JTA platform available (set 'hibernate.transaction.jta.platform' to enable JTA platform integration)
18-10-2024 13:08:58 [main] INFO  Http11NioProtocol - Starting ProtocolHandler ["http-nio-8080"]
18-10-2024 13:08:58 [main] INFO  Application - Started Application in 4.895 seconds (process running for 5.242)
18-10-2024 13:09:02 [http-nio-8080-exec-1] INFO  [/] - Initializing Spring DispatcherServlet 'dispatcherServlet'
18-10-2024 13:09:02 [http-nio-8080-exec-1] INFO  BookingController - Ingresso nel metodo createBooking
18-10-2024 13:09:03 [http-nio-8080-exec-1] INFO  BookingController - Prenotazione creata con id: 2
18-10-2024 13:09:03 [http-nio-8080-exec-1] INFO  BookingController - Uscita dal metodo createBooking con risultato: class BookingDTO {
    id: 2
    guestName: Luca Rossi
    roomNumber: 101
    checkInDate: 2024-10-06
    checkOutDate: 2024-10-10
    totalPrice: 450.5
}
18-10-2024 13:09:10 [http-nio-8080-exec-3] INFO  BookingController - Ingresso nel metodo createBooking
18-10-2024 13:09:10 [http-nio-8080-exec-3] ERROR BookingController - Sovrapposizione di prenotazione per la camera 101: già prenotata da 2024-10-06 a 2024-10-10
18-10-2024 13:09:17 [http-nio-8080-exec-2] INFO  BookingController - Ingresso nel metodo createBooking
18-10-2024 13:09:17 [http-nio-8080-exec-2] ERROR BookingController - Sovrapposizione di prenotazione per la camera 101: già prenotata da 2024-10-06 a 2024-10-10
18-10-2024 13:09:25 [http-nio-8080-exec-6] INFO  BookingController - Ingresso nel metodo createBooking
18-10-2024 13:09:25 [http-nio-8080-exec-6] ERROR BookingController - Sovrapposizione di prenotazione per la camera 101: già prenotata da 2024-10-06 a 2024-10-10
18-10-2024 13:09:31 [http-nio-8080-exec-5] INFO  BookingController - Ingresso nel metodo createBooking
18-10-2024 13:09:31 [http-nio-8080-exec-5] INFO  BookingController - Prenotazione creata con id: 2
18-10-2024 13:09:31 [http-nio-8080-exec-5] INFO  BookingController - Uscita dal metodo createBooking con risultato: class BookingDTO {
    id: 2
    guestName: Luca Rossi
    roomNumber: 101
    checkInDate: 2024-10-10
    checkOutDate: 2024-10-11
    totalPrice: 450.5
}
18-10-2024 13:10:55 [SpringApplicationShutdownHook] INFO  HikariDataSource - HikariPool-1 - Shutdown initiated...
18-10-2024 13:10:55 [SpringApplicationShutdownHook] INFO  HikariDataSource - HikariPool-1 - Shutdown completed.
18-10-2024 13:11:06 [main] INFO  Application - Starting Application using Java 17.0.12 with PID 15620 (C:\Users\Studente\EserciziJava\JavaSpringExercises\AprileEsame\springboot.esercizio2.filippo-aprile\target\classes started by Studente in C:\Users\Studente\EserciziJava\JavaSpringExercises\AprileEsame\springboot.esercizio2.filippo-aprile)
18-10-2024 13:11:06 [main] INFO  Application - No active profile set, falling back to 1 default profile: "default"
18-10-2024 13:11:07 [main] INFO  Http11NioProtocol - Initializing ProtocolHandler ["http-nio-8080"]
18-10-2024 13:11:07 [main] INFO  StandardService - Starting service [Tomcat]
18-10-2024 13:11:07 [main] INFO  StandardEngine - Starting Servlet engine: [Apache Tomcat/10.1.30]
18-10-2024 13:11:07 [main] INFO  [/] - Initializing Spring embedded WebApplicationContext
18-10-2024 13:11:07 [main] INFO  HikariDataSource - HikariPool-1 - Starting...
18-10-2024 13:11:07 [main] INFO  HikariPool - HikariPool-1 - Added connection conn0: url=jdbc:h2:file:./data/booking user=SA
18-10-2024 13:11:07 [main] INFO  HikariDataSource - HikariPool-1 - Start completed.
18-10-2024 13:11:07 [main] INFO  LogHelper - HHH000204: Processing PersistenceUnitInfo [name: default]
18-10-2024 13:11:08 [main] INFO  Version - HHH000412: Hibernate ORM core version 6.5.3.Final
18-10-2024 13:11:08 [main] INFO  RegionFactoryInitiator - HHH000026: Second-level cache disabled
18-10-2024 13:11:08 [main] WARN  deprecation - HHH90000025: H2Dialect does not need to be specified explicitly using 'hibernate.dialect' (remove the property setting and it will be selected by default)
18-10-2024 13:11:09 [main] INFO  JtaPlatformInitiator - HHH000489: No JTA platform available (set 'hibernate.transaction.jta.platform' to enable JTA platform integration)
18-10-2024 13:11:09 [main] INFO  Http11NioProtocol - Starting ProtocolHandler ["http-nio-8080"]
18-10-2024 13:11:09 [main] INFO  Application - Started Application in 4.206 seconds (process running for 4.56)
18-10-2024 13:11:16 [http-nio-8080-exec-1] INFO  [/] - Initializing Spring DispatcherServlet 'dispatcherServlet'
18-10-2024 13:11:16 [http-nio-8080-exec-1] INFO  BookingController - Ingresso nel metodo getAllBookings
18-10-2024 13:11:16 [http-nio-8080-exec-1] WARN  BookingController - Nessuna prenotazione trovata.
18-10-2024 13:11:19 [http-nio-8080-exec-2] INFO  BookingController - Ingresso nel metodo createBooking
18-10-2024 13:11:19 [http-nio-8080-exec-2] INFO  BookingController - Prenotazione creata con id: 2
18-10-2024 13:11:19 [http-nio-8080-exec-2] INFO  BookingController - Uscita dal metodo createBooking con risultato: class BookingDTO {
    id: 2
    guestName: Luca Rossi
    roomNumber: 101
    checkInDate: 2024-10-10
    checkOutDate: 2024-10-11
    totalPrice: 450.5
}
18-10-2024 13:11:21 [http-nio-8080-exec-3] INFO  BookingController - Ingresso nel metodo createBooking
18-10-2024 13:11:21 [http-nio-8080-exec-3] ERROR BookingController - Sovrapposizione di prenotazione per la camera 101: già prenotata da 2024-10-10 a 2024-10-11
18-10-2024 13:11:30 [http-nio-8080-exec-4] INFO  BookingController - Ingresso nel metodo createBooking
18-10-2024 13:11:35 [http-nio-8080-exec-5] INFO  BookingController - Ingresso nel metodo createBooking
18-10-2024 13:11:35 [http-nio-8080-exec-5] INFO  BookingController - Prenotazione creata con id: 2
18-10-2024 13:11:35 [http-nio-8080-exec-5] INFO  BookingController - Uscita dal metodo createBooking con risultato: class BookingDTO {
    id: 2
    guestName: Luca Rossi
    roomNumber: 101
    checkInDate: 2024-10-12
    checkOutDate: 2024-10-13
    totalPrice: 450.5
}
18-10-2024 13:11:53 [http-nio-8080-exec-9] INFO  BookingController - Ingresso nel metodo createBooking
18-10-2024 13:12:09 [http-nio-8080-exec-7] INFO  BookingController - Ingresso nel metodo createBooking
18-10-2024 13:12:13 [http-nio-8080-exec-8] INFO  BookingController - Ingresso nel metodo createBooking
18-10-2024 13:12:13 [http-nio-8080-exec-8] INFO  BookingController - Prenotazione creata con id: 2
18-10-2024 13:12:13 [http-nio-8080-exec-8] INFO  BookingController - Uscita dal metodo createBooking con risultato: class BookingDTO {
    id: 2
    guestName: Luca Rossi
    roomNumber: 101
    checkInDate: 2024-10-11
    checkOutDate: 2024-10-12
    totalPrice: 450.5
}
18-10-2024 13:12:15 [http-nio-8080-exec-6] INFO  BookingController - Ingresso nel metodo createBooking
18-10-2024 13:12:15 [http-nio-8080-exec-6] ERROR BookingController - Sovrapposizione di prenotazione per la camera 101: già prenotata da 2024-10-11 a 2024-10-12
18-10-2024 13:13:02 [SpringApplicationShutdownHook] INFO  HikariDataSource - HikariPool-1 - Shutdown initiated...
18-10-2024 13:13:02 [SpringApplicationShutdownHook] INFO  HikariDataSource - HikariPool-1 - Shutdown completed.
18-10-2024 13:13:13 [main] INFO  Application - Starting Application using Java 17.0.12 with PID 3620 (C:\Users\Studente\EserciziJava\JavaSpringExercises\AprileEsame\springboot.esercizio2.filippo-aprile\target\classes started by Studente in C:\Users\Studente\EserciziJava\JavaSpringExercises\AprileEsame\springboot.esercizio2.filippo-aprile)
18-10-2024 13:13:13 [main] INFO  Application - No active profile set, falling back to 1 default profile: "default"
18-10-2024 13:13:14 [main] INFO  Http11NioProtocol - Initializing ProtocolHandler ["http-nio-8080"]
18-10-2024 13:13:14 [main] INFO  StandardService - Starting service [Tomcat]
18-10-2024 13:13:14 [main] INFO  StandardEngine - Starting Servlet engine: [Apache Tomcat/10.1.30]
18-10-2024 13:13:14 [main] INFO  [/] - Initializing Spring embedded WebApplicationContext
18-10-2024 13:13:14 [main] INFO  HikariDataSource - HikariPool-1 - Starting...
18-10-2024 13:13:15 [main] INFO  HikariPool - HikariPool-1 - Added connection conn0: url=jdbc:h2:file:./data/booking user=SA
18-10-2024 13:13:15 [main] INFO  HikariDataSource - HikariPool-1 - Start completed.
18-10-2024 13:13:15 [main] INFO  LogHelper - HHH000204: Processing PersistenceUnitInfo [name: default]
18-10-2024 13:13:15 [main] INFO  Version - HHH000412: Hibernate ORM core version 6.5.3.Final
18-10-2024 13:13:15 [main] INFO  RegionFactoryInitiator - HHH000026: Second-level cache disabled
18-10-2024 13:13:15 [main] WARN  deprecation - HHH90000025: H2Dialect does not need to be specified explicitly using 'hibernate.dialect' (remove the property setting and it will be selected by default)
18-10-2024 13:13:16 [main] INFO  JtaPlatformInitiator - HHH000489: No JTA platform available (set 'hibernate.transaction.jta.platform' to enable JTA platform integration)
18-10-2024 13:13:17 [main] INFO  Http11NioProtocol - Starting ProtocolHandler ["http-nio-8080"]
18-10-2024 13:13:17 [main] INFO  Application - Started Application in 4.381 seconds (process running for 4.724)
18-10-2024 13:13:25 [http-nio-8080-exec-1] INFO  [/] - Initializing Spring DispatcherServlet 'dispatcherServlet'
18-10-2024 13:13:25 [http-nio-8080-exec-1] INFO  BookingController - Ingresso nel metodo createBooking
18-10-2024 13:13:25 [http-nio-8080-exec-1] INFO  BookingController - Prenotazione creata con id: 2
18-10-2024 13:13:25 [http-nio-8080-exec-1] INFO  BookingController - Uscita dal metodo createBooking con risultato: class BookingDTO {
    id: 2
    guestName: Luca Rossi
    roomNumber: 101
    checkInDate: 2024-10-11
    checkOutDate: 2024-10-12
    totalPrice: 450.5
}
18-10-2024 13:13:38 [http-nio-8080-exec-2] INFO  BookingController - Ingresso nel metodo createBooking
18-10-2024 13:13:38 [http-nio-8080-exec-2] ERROR BookingController - Sovrapposizione di prenotazione per la camera 101: già prenotata da 2024-10-11 a 2024-10-12
18-10-2024 13:13:41 [http-nio-8080-exec-3] INFO  BookingController - Ingresso nel metodo createBooking
18-10-2024 13:13:41 [http-nio-8080-exec-3] ERROR BookingController - Sovrapposizione di prenotazione per la camera 101: già prenotata da 2024-10-11 a 2024-10-12
18-10-2024 13:13:41 [http-nio-8080-exec-4] INFO  BookingController - Ingresso nel metodo createBooking
18-10-2024 13:13:41 [http-nio-8080-exec-4] ERROR BookingController - Sovrapposizione di prenotazione per la camera 101: già prenotata da 2024-10-11 a 2024-10-12
18-10-2024 13:13:41 [http-nio-8080-exec-5] INFO  BookingController - Ingresso nel metodo createBooking
18-10-2024 13:13:41 [http-nio-8080-exec-5] ERROR BookingController - Sovrapposizione di prenotazione per la camera 101: già prenotata da 2024-10-11 a 2024-10-12
18-10-2024 13:13:41 [http-nio-8080-exec-6] INFO  BookingController - Ingresso nel metodo createBooking
18-10-2024 13:13:41 [http-nio-8080-exec-6] ERROR BookingController - Sovrapposizione di prenotazione per la camera 101: già prenotata da 2024-10-11 a 2024-10-12
18-10-2024 13:13:41 [http-nio-8080-exec-7] INFO  BookingController - Ingresso nel metodo createBooking
18-10-2024 13:13:41 [http-nio-8080-exec-7] ERROR BookingController - Sovrapposizione di prenotazione per la camera 101: già prenotata da 2024-10-11 a 2024-10-12
18-10-2024 13:13:42 [http-nio-8080-exec-8] INFO  BookingController - Ingresso nel metodo createBooking
18-10-2024 13:13:42 [http-nio-8080-exec-8] ERROR BookingController - Sovrapposizione di prenotazione per la camera 101: già prenotata da 2024-10-11 a 2024-10-12
18-10-2024 13:16:25 [SpringApplicationShutdownHook] INFO  HikariDataSource - HikariPool-1 - Shutdown initiated...
18-10-2024 13:16:25 [SpringApplicationShutdownHook] INFO  HikariDataSource - HikariPool-1 - Shutdown completed.
18-10-2024 13:16:42 [main] INFO  Application - Starting Application using Java 17.0.12 with PID 11308 (C:\Users\Studente\EserciziJava\JavaSpringExercises\AprileEsame\springboot.esercizio2.filippo-aprile\target\classes started by Studente in C:\Users\Studente\EserciziJava\JavaSpringExercises\AprileEsame\springboot.esercizio2.filippo-aprile)
18-10-2024 13:16:42 [main] INFO  Application - No active profile set, falling back to 1 default profile: "default"
18-10-2024 13:16:43 [main] INFO  Http11NioProtocol - Initializing ProtocolHandler ["http-nio-8080"]
18-10-2024 13:16:43 [main] INFO  StandardService - Starting service [Tomcat]
18-10-2024 13:16:43 [main] INFO  StandardEngine - Starting Servlet engine: [Apache Tomcat/10.1.30]
18-10-2024 13:16:43 [main] INFO  [/] - Initializing Spring embedded WebApplicationContext
18-10-2024 13:16:43 [main] INFO  HikariDataSource - HikariPool-1 - Starting...
18-10-2024 13:16:43 [main] INFO  HikariPool - HikariPool-1 - Added connection conn0: url=jdbc:h2:file:./data/booking user=SA
18-10-2024 13:16:43 [main] INFO  HikariDataSource - HikariPool-1 - Start completed.
18-10-2024 13:16:43 [main] INFO  LogHelper - HHH000204: Processing PersistenceUnitInfo [name: default]
18-10-2024 13:16:44 [main] INFO  Version - HHH000412: Hibernate ORM core version 6.5.3.Final
18-10-2024 13:16:44 [main] INFO  RegionFactoryInitiator - HHH000026: Second-level cache disabled
18-10-2024 13:16:44 [main] WARN  deprecation - HHH90000025: H2Dialect does not need to be specified explicitly using 'hibernate.dialect' (remove the property setting and it will be selected by default)
18-10-2024 13:16:45 [main] INFO  JtaPlatformInitiator - HHH000489: No JTA platform available (set 'hibernate.transaction.jta.platform' to enable JTA platform integration)
18-10-2024 13:16:46 [main] INFO  Http11NioProtocol - Starting ProtocolHandler ["http-nio-8080"]
18-10-2024 13:16:46 [main] INFO  Application - Started Application in 4.414 seconds (process running for 4.782)
18-10-2024 13:16:50 [http-nio-8080-exec-1] INFO  [/] - Initializing Spring DispatcherServlet 'dispatcherServlet'
18-10-2024 13:16:50 [http-nio-8080-exec-1] INFO  BookingController - Ingresso nel metodo createBooking
18-10-2024 13:16:50 [http-nio-8080-exec-1] INFO  BookingController - Prenotazione creata con id: 2
18-10-2024 13:16:50 [http-nio-8080-exec-1] INFO  BookingController - Uscita dal metodo createBooking con risultato: class BookingDTO {
    id: 2
    guestName: Luca Rossi
    roomNumber: 101
    checkInDate: 2024-10-11
    checkOutDate: 2024-10-12
    totalPrice: 450.5
}
18-10-2024 13:16:59 [SpringApplicationShutdownHook] INFO  HikariDataSource - HikariPool-1 - Shutdown initiated...
18-10-2024 13:16:59 [SpringApplicationShutdownHook] INFO  HikariDataSource - HikariPool-1 - Shutdown completed.
